{"C:\\Users\\MOHAMMED\\Desktop\\v1\\PM2022_TEAM_30\\app.js": {"path":"C:\\Users\\MOHAMMED\\Desktop\\v1\\PM2022_TEAM_30\\app.js","statementMap":{"0":{"start":{"line":1,"column":12},"end":{"line":1,"column":30}},"1":{"start":{"line":2,"column":15},"end":{"line":2,"column":37}},"2":{"start":{"line":3,"column":13},"end":{"line":3,"column":28}},"3":{"start":{"line":4,"column":19},"end":{"line":4,"column":40}},"4":{"start":{"line":5,"column":14},"end":{"line":5,"column":40}},"5":{"start":{"line":6,"column":17},"end":{"line":6,"column":36}},"6":{"start":{"line":9,"column":7},"end":{"line":9,"column":26}},"7":{"start":{"line":10,"column":0},"end":{"line":10,"column":62}},"8":{"start":{"line":11,"column":0},"end":{"line":13,"column":2}},"9":{"start":{"line":12,"column":1},"end":{"line":12,"column":37}},"10":{"start":{"line":14,"column":12},"end":{"line":14,"column":21}},"11":{"start":{"line":19,"column":0},"end":{"line":19,"column":33}},"12":{"start":{"line":22,"column":0},"end":{"line":27,"column":3}},"13":{"start":{"line":43,"column":16},"end":{"line":43,"column":34}},"14":{"start":{"line":44,"column":23},"end":{"line":44,"column":50}},"15":{"start":{"line":45,"column":24},"end":{"line":45,"column":52}},"16":{"start":{"line":46,"column":22},"end":{"line":46,"column":44}},"17":{"start":{"line":47,"column":0},"end":{"line":47,"column":40}},"18":{"start":{"line":50,"column":13},"end":{"line":51,"column":85}},"19":{"start":{"line":52,"column":17},"end":{"line":52,"column":112}},"20":{"start":{"line":53,"column":16},"end":{"line":53,"column":86}},"21":{"start":{"line":55,"column":16},"end":{"line":60,"column":2}},"22":{"start":{"line":62,"column":12},"end":{"line":65,"column":1}},"23":{"start":{"line":67,"column":15},"end":{"line":78,"column":2}},"24":{"start":{"line":72,"column":2},"end":{"line":75,"column":3}},"25":{"start":{"line":74,"column":3},"end":{"line":74,"column":15}},"26":{"start":{"line":76,"column":2},"end":{"line":76,"column":14}},"27":{"start":{"line":80,"column":0},"end":{"line":80,"column":41}},"28":{"start":{"line":82,"column":0},"end":{"line":82,"column":27}},"29":{"start":{"line":84,"column":0},"end":{"line":84,"column":34}},"30":{"start":{"line":86,"column":0},"end":{"line":88,"column":4}},"31":{"start":{"line":89,"column":0},"end":{"line":92,"column":2}},"32":{"start":{"line":91,"column":1},"end":{"line":91,"column":15}},"33":{"start":{"line":97,"column":0},"end":{"line":97,"column":30}},"34":{"start":{"line":99,"column":0},"end":{"line":102,"column":3}},"35":{"start":{"line":101,"column":2},"end":{"line":101,"column":42}},"36":{"start":{"line":105,"column":0},"end":{"line":157,"column":2}},"37":{"start":{"line":107,"column":3},"end":{"line":107,"column":35}},"38":{"start":{"line":108,"column":2},"end":{"line":108,"column":31}},"39":{"start":{"line":109,"column":3},"end":{"line":109,"column":32}},"40":{"start":{"line":110,"column":2},"end":{"line":110,"column":24}},"41":{"start":{"line":111,"column":2},"end":{"line":111,"column":27}},"42":{"start":{"line":112,"column":2},"end":{"line":112,"column":36}},"43":{"start":{"line":113,"column":2},"end":{"line":113,"column":28}},"44":{"start":{"line":114,"column":3},"end":{"line":114,"column":32}},"45":{"start":{"line":115,"column":3},"end":{"line":115,"column":30}},"46":{"start":{"line":116,"column":1},"end":{"line":116,"column":30}},"47":{"start":{"line":118,"column":2},"end":{"line":127,"column":2}},"48":{"start":{"line":128,"column":2},"end":{"line":149,"column":1}},"49":{"start":{"line":129,"column":1},"end":{"line":129,"column":28}},"50":{"start":{"line":130,"column":1},"end":{"line":130,"column":30}},"51":{"start":{"line":131,"column":4},"end":{"line":131,"column":46}},"52":{"start":{"line":132,"column":4},"end":{"line":132,"column":42}},"53":{"start":{"line":133,"column":4},"end":{"line":133,"column":24}},"54":{"start":{"line":134,"column":4},"end":{"line":148,"column":5}},"55":{"start":{"line":152,"column":2},"end":{"line":155,"column":4}},"56":{"start":{"line":153,"column":2},"end":{"line":153,"column":21}},"57":{"start":{"line":153,"column":11},"end":{"line":153,"column":21}},"58":{"start":{"line":154,"column":2},"end":{"line":154,"column":46}},"59":{"start":{"line":156,"column":1},"end":{"line":156,"column":44}},"60":{"start":{"line":159,"column":10},"end":{"line":159,"column":15}},"61":{"start":{"line":160,"column":9},"end":{"line":164,"column":1}},"62":{"start":{"line":174,"column":0},"end":{"line":176,"column":3}},"63":{"start":{"line":175,"column":1},"end":{"line":175,"column":110}},"64":{"start":{"line":178,"column":0},"end":{"line":228,"column":3}},"65":{"start":{"line":179,"column":2},"end":{"line":226,"column":4}},"66":{"start":{"line":184,"column":20},"end":{"line":184,"column":22}},"67":{"start":{"line":185,"column":17},"end":{"line":185,"column":19}},"68":{"start":{"line":186,"column":5},"end":{"line":190,"column":6}},"69":{"start":{"line":186,"column":15},"end":{"line":186,"column":16}},"70":{"start":{"line":188,"column":4},"end":{"line":188,"column":88}},"71":{"start":{"line":189,"column":6},"end":{"line":189,"column":29}},"72":{"start":{"line":191,"column":5},"end":{"line":191,"column":27}},"73":{"start":{"line":196,"column":0},"end":{"line":221,"column":2}},"74":{"start":{"line":197,"column":13},"end":{"line":197,"column":15}},"75":{"start":{"line":198,"column":14},"end":{"line":198,"column":16}},"76":{"start":{"line":199,"column":1},"end":{"line":202,"column":1}},"77":{"start":{"line":199,"column":11},"end":{"line":199,"column":12}},"78":{"start":{"line":200,"column":2},"end":{"line":200,"column":61}},"79":{"start":{"line":201,"column":2},"end":{"line":201,"column":23}},"80":{"start":{"line":203,"column":0},"end":{"line":203,"column":53}},"81":{"start":{"line":206,"column":0},"end":{"line":206,"column":19}},"82":{"start":{"line":207,"column":9},"end":{"line":207,"column":10}},"83":{"start":{"line":208,"column":9},"end":{"line":208,"column":10}},"84":{"start":{"line":209,"column":8},"end":{"line":209,"column":9}},"85":{"start":{"line":210,"column":0},"end":{"line":213,"column":1}},"86":{"start":{"line":210,"column":10},"end":{"line":210,"column":11}},"87":{"start":{"line":211,"column":0},"end":{"line":211,"column":29}},"88":{"start":{"line":212,"column":0},"end":{"line":212,"column":8}},"89":{"start":{"line":214,"column":1},"end":{"line":214,"column":14}},"90":{"start":{"line":215,"column":0},"end":{"line":215,"column":20}},"91":{"start":{"line":217,"column":0},"end":{"line":217,"column":18}},"92":{"start":{"line":218,"column":0},"end":{"line":218,"column":153}},"93":{"start":{"line":225,"column":3},"end":{"line":225,"column":20}},"94":{"start":{"line":232,"column":0},"end":{"line":298,"column":3}},"95":{"start":{"line":233,"column":1},"end":{"line":295,"column":3}},"96":{"start":{"line":246,"column":18},"end":{"line":246,"column":20}},"97":{"start":{"line":247,"column":11},"end":{"line":247,"column":13}},"98":{"start":{"line":248,"column":1},"end":{"line":251,"column":2}},"99":{"start":{"line":248,"column":11},"end":{"line":248,"column":12}},"100":{"start":{"line":249,"column":2},"end":{"line":249,"column":207}},"101":{"start":{"line":250,"column":2},"end":{"line":250,"column":25}},"102":{"start":{"line":252,"column":1},"end":{"line":252,"column":25}},"103":{"start":{"line":254,"column":1},"end":{"line":290,"column":3}},"104":{"start":{"line":256,"column":20},"end":{"line":256,"column":22}},"105":{"start":{"line":257,"column":15},"end":{"line":257,"column":17}},"106":{"start":{"line":258,"column":2},"end":{"line":275,"column":2}},"107":{"start":{"line":258,"column":12},"end":{"line":258,"column":13}},"108":{"start":{"line":259,"column":12},"end":{"line":259,"column":13}},"109":{"start":{"line":260,"column":12},"end":{"line":260,"column":13}},"110":{"start":{"line":261,"column":11},"end":{"line":261,"column":12}},"111":{"start":{"line":262,"column":4},"end":{"line":269,"column":5}},"112":{"start":{"line":262,"column":14},"end":{"line":262,"column":15}},"113":{"start":{"line":263,"column":5},"end":{"line":267,"column":6}},"114":{"start":{"line":264,"column":6},"end":{"line":264,"column":37}},"115":{"start":{"line":265,"column":6},"end":{"line":265,"column":14}},"116":{"start":{"line":270,"column":4},"end":{"line":270,"column":17}},"117":{"start":{"line":271,"column":0},"end":{"line":271,"column":43}},"118":{"start":{"line":272,"column":0},"end":{"line":272,"column":27}},"119":{"start":{"line":279,"column":0},"end":{"line":286,"column":1}},"120":{"start":{"line":279,"column":10},"end":{"line":279,"column":11}},"121":{"start":{"line":280,"column":1},"end":{"line":284,"column":2}},"122":{"start":{"line":280,"column":11},"end":{"line":280,"column":12}},"123":{"start":{"line":281,"column":2},"end":{"line":283,"column":3}},"124":{"start":{"line":282,"column":3},"end":{"line":282,"column":39}},"125":{"start":{"line":288,"column":0},"end":{"line":288,"column":131}},"126":{"start":{"line":294,"column":2},"end":{"line":294,"column":19}},"127":{"start":{"line":299,"column":0},"end":{"line":312,"column":3}},"128":{"start":{"line":300,"column":1},"end":{"line":311,"column":20}},"129":{"start":{"line":313,"column":0},"end":{"line":323,"column":3}},"130":{"start":{"line":314,"column":1},"end":{"line":322,"column":4}},"131":{"start":{"line":324,"column":0},"end":{"line":333,"column":3}},"132":{"start":{"line":325,"column":1},"end":{"line":332,"column":27}},"133":{"start":{"line":335,"column":0},"end":{"line":340,"column":3}},"134":{"start":{"line":336,"column":12},"end":{"line":339,"column":3}},"135":{"start":{"line":337,"column":2},"end":{"line":337,"column":58}},"136":{"start":{"line":341,"column":0},"end":{"line":345,"column":3}},"137":{"start":{"line":342,"column":2},"end":{"line":342,"column":54}},"138":{"start":{"line":349,"column":0},"end":{"line":387,"column":3}},"139":{"start":{"line":351,"column":15},"end":{"line":351,"column":31}},"140":{"start":{"line":352,"column":17},"end":{"line":352,"column":35}},"141":{"start":{"line":353,"column":16},"end":{"line":353,"column":33}},"142":{"start":{"line":362,"column":17},"end":{"line":362,"column":27}},"143":{"start":{"line":366,"column":11},"end":{"line":366,"column":48}},"144":{"start":{"line":367,"column":12},"end":{"line":367,"column":56}},"145":{"start":{"line":368,"column":11},"end":{"line":368,"column":34}},"146":{"start":{"line":369,"column":12},"end":{"line":369,"column":32}},"147":{"start":{"line":370,"column":14},"end":{"line":370,"column":36}},"148":{"start":{"line":371,"column":14},"end":{"line":371,"column":36}},"149":{"start":{"line":373,"column":18},"end":{"line":373,"column":96}},"150":{"start":{"line":374,"column":3},"end":{"line":380,"column":3}},"151":{"start":{"line":381,"column":3},"end":{"line":385,"column":5}},"152":{"start":{"line":382,"column":3},"end":{"line":382,"column":22}},"153":{"start":{"line":382,"column":12},"end":{"line":382,"column":22}},"154":{"start":{"line":383,"column":3},"end":{"line":383,"column":48}},"155":{"start":{"line":384,"column":3},"end":{"line":384,"column":21}},"156":{"start":{"line":386,"column":2},"end":{"line":386,"column":32}},"157":{"start":{"line":390,"column":0},"end":{"line":402,"column":3}},"158":{"start":{"line":391,"column":2},"end":{"line":391,"column":50}},"159":{"start":{"line":396,"column":1},"end":{"line":396,"column":27}},"160":{"start":{"line":397,"column":1},"end":{"line":397,"column":33}},"161":{"start":{"line":400,"column":0},"end":{"line":400,"column":19}},"162":{"start":{"line":401,"column":2},"end":{"line":401,"column":20}},"163":{"start":{"line":406,"column":3},"end":{"line":481,"column":3}},"164":{"start":{"line":407,"column":22},"end":{"line":407,"column":52}},"165":{"start":{"line":408,"column":15},"end":{"line":408,"column":107}},"166":{"start":{"line":409,"column":22},"end":{"line":409,"column":24}},"167":{"start":{"line":410,"column":4},"end":{"line":479,"column":5}},"168":{"start":{"line":411,"column":7},"end":{"line":411,"column":26}},"169":{"start":{"line":411,"column":16},"end":{"line":411,"column":26}},"170":{"start":{"line":412,"column":17},"end":{"line":412,"column":32}},"171":{"start":{"line":413,"column":19},"end":{"line":413,"column":40}},"172":{"start":{"line":415,"column":9},"end":{"line":415,"column":28}},"173":{"start":{"line":416,"column":6},"end":{"line":416,"column":24}},"174":{"start":{"line":417,"column":0},"end":{"line":477,"column":1}},"175":{"start":{"line":418,"column":1},"end":{"line":418,"column":31}},"176":{"start":{"line":419,"column":1},"end":{"line":419,"column":28}},"177":{"start":{"line":422,"column":3},"end":{"line":476,"column":5}},"178":{"start":{"line":423,"column":4},"end":{"line":423,"column":26}},"179":{"start":{"line":424,"column":4},"end":{"line":424,"column":27}},"180":{"start":{"line":427,"column":9},"end":{"line":427,"column":47}},"181":{"start":{"line":429,"column":9},"end":{"line":429,"column":28}},"182":{"start":{"line":432,"column":5},"end":{"line":474,"column":12}},"183":{"start":{"line":433,"column":7},"end":{"line":433,"column":26}},"184":{"start":{"line":433,"column":16},"end":{"line":433,"column":26}},"185":{"start":{"line":434,"column":7},"end":{"line":434,"column":27}},"186":{"start":{"line":435,"column":7},"end":{"line":471,"column":14}},"187":{"start":{"line":436,"column":8},"end":{"line":436,"column":38}},"188":{"start":{"line":437,"column":8},"end":{"line":437,"column":37}},"189":{"start":{"line":438,"column":8},"end":{"line":438,"column":38}},"190":{"start":{"line":439,"column":8},"end":{"line":439,"column":32}},"191":{"start":{"line":440,"column":8},"end":{"line":440,"column":33}},"192":{"start":{"line":441,"column":8},"end":{"line":441,"column":44}},"193":{"start":{"line":442,"column":8},"end":{"line":442,"column":35}},"194":{"start":{"line":443,"column":8},"end":{"line":443,"column":37}},"195":{"start":{"line":444,"column":8},"end":{"line":444,"column":52}},"196":{"start":{"line":445,"column":8},"end":{"line":445,"column":47}},"197":{"start":{"line":446,"column":8},"end":{"line":446,"column":29}},"198":{"start":{"line":448,"column":17},"end":{"line":465,"column":18}},"199":{"start":{"line":449,"column":10},"end":{"line":449,"column":29}},"200":{"start":{"line":450,"column":19},"end":{"line":450,"column":57}},"201":{"start":{"line":451,"column":10},"end":{"line":451,"column":31}},"202":{"start":{"line":452,"column":10},"end":{"line":452,"column":32}},"203":{"start":{"line":458,"column":9},"end":{"line":458,"column":32}},"204":{"start":{"line":459,"column":9},"end":{"line":459,"column":33}},"205":{"start":{"line":464,"column":19},"end":{"line":464,"column":58}},"206":{"start":{"line":469,"column":17},"end":{"line":469,"column":47}},"207":{"start":{"line":470,"column":17},"end":{"line":470,"column":44}},"208":{"start":{"line":472,"column":13},"end":{"line":472,"column":24}},"209":{"start":{"line":487,"column":0},"end":{"line":529,"column":3}},"210":{"start":{"line":491,"column":21},"end":{"line":502,"column":3}},"211":{"start":{"line":504,"column":16},"end":{"line":504,"column":106}},"212":{"start":{"line":505,"column":16},"end":{"line":505,"column":177}},"213":{"start":{"line":506,"column":12},"end":{"line":513,"column":2}},"214":{"start":{"line":516,"column":1},"end":{"line":528,"column":4}},"215":{"start":{"line":518,"column":2},"end":{"line":527,"column":3}},"216":{"start":{"line":519,"column":3},"end":{"line":519,"column":20}},"217":{"start":{"line":521,"column":3},"end":{"line":521,"column":100}},"218":{"start":{"line":524,"column":6},"end":{"line":524,"column":27}},"219":{"start":{"line":526,"column":3},"end":{"line":526,"column":65}},"220":{"start":{"line":532,"column":0},"end":{"line":535,"column":3}},"221":{"start":{"line":533,"column":2},"end":{"line":533,"column":57}},"222":{"start":{"line":539,"column":0},"end":{"line":570,"column":3}},"223":{"start":{"line":541,"column":21},"end":{"line":549,"column":3}},"224":{"start":{"line":550,"column":2},"end":{"line":550,"column":43}},"225":{"start":{"line":551,"column":16},"end":{"line":551,"column":105}},"226":{"start":{"line":552,"column":12},"end":{"line":557,"column":2}},"227":{"start":{"line":559,"column":1},"end":{"line":569,"column":4}},"228":{"start":{"line":561,"column":2},"end":{"line":568,"column":3}},"229":{"start":{"line":562,"column":3},"end":{"line":562,"column":20}},"230":{"start":{"line":563,"column":3},"end":{"line":563,"column":100}},"231":{"start":{"line":566,"column":6},"end":{"line":566,"column":27}},"232":{"start":{"line":567,"column":3},"end":{"line":567,"column":65}},"233":{"start":{"line":572,"column":0},"end":{"line":585,"column":3}},"234":{"start":{"line":573,"column":20},"end":{"line":573,"column":41}},"235":{"start":{"line":574,"column":2},"end":{"line":582,"column":7}},"236":{"start":{"line":579,"column":6},"end":{"line":581,"column":46}},"237":{"start":{"line":579,"column":15},"end":{"line":579,"column":25}},"238":{"start":{"line":581,"column":6},"end":{"line":581,"column":46}},"239":{"start":{"line":589,"column":0},"end":{"line":618,"column":3}},"240":{"start":{"line":590,"column":18},"end":{"line":590,"column":36}},"241":{"start":{"line":591,"column":16},"end":{"line":591,"column":33}},"242":{"start":{"line":592,"column":12},"end":{"line":592,"column":29}},"243":{"start":{"line":593,"column":18},"end":{"line":593,"column":38}},"244":{"start":{"line":594,"column":14},"end":{"line":594,"column":30}},"245":{"start":{"line":595,"column":17},"end":{"line":595,"column":21}},"246":{"start":{"line":597,"column":13},"end":{"line":605,"column":2}},"247":{"start":{"line":606,"column":2},"end":{"line":615,"column":7}},"248":{"start":{"line":611,"column":6},"end":{"line":614,"column":26}},"249":{"start":{"line":611,"column":15},"end":{"line":611,"column":25}},"250":{"start":{"line":613,"column":6},"end":{"line":613,"column":45}},"251":{"start":{"line":614,"column":3},"end":{"line":614,"column":25}},"252":{"start":{"line":621,"column":0},"end":{"line":655,"column":3}},"253":{"start":{"line":622,"column":18},"end":{"line":622,"column":36}},"254":{"start":{"line":623,"column":16},"end":{"line":623,"column":33}},"255":{"start":{"line":624,"column":12},"end":{"line":624,"column":29}},"256":{"start":{"line":625,"column":18},"end":{"line":625,"column":38}},"257":{"start":{"line":626,"column":14},"end":{"line":626,"column":30}},"258":{"start":{"line":627,"column":18},"end":{"line":627,"column":22}},"259":{"start":{"line":628,"column":21},"end":{"line":628,"column":45}},"260":{"start":{"line":629,"column":19},"end":{"line":629,"column":41}},"261":{"start":{"line":630,"column":10},"end":{"line":630,"column":23}},"262":{"start":{"line":632,"column":13},"end":{"line":642,"column":2}},"263":{"start":{"line":644,"column":2},"end":{"line":652,"column":7}},"264":{"start":{"line":649,"column":6},"end":{"line":651,"column":57}},"265":{"start":{"line":649,"column":15},"end":{"line":649,"column":25}},"266":{"start":{"line":651,"column":6},"end":{"line":651,"column":56}},"267":{"start":{"line":657,"column":0},"end":{"line":674,"column":3}},"268":{"start":{"line":658,"column":1},"end":{"line":658,"column":20}},"269":{"start":{"line":659,"column":14},"end":{"line":659,"column":28}},"270":{"start":{"line":660,"column":14},"end":{"line":660,"column":28}},"271":{"start":{"line":661,"column":15},"end":{"line":661,"column":30}},"272":{"start":{"line":663,"column":3},"end":{"line":668,"column":3}},"273":{"start":{"line":669,"column":3},"end":{"line":672,"column":5}},"274":{"start":{"line":670,"column":3},"end":{"line":670,"column":22}},"275":{"start":{"line":670,"column":12},"end":{"line":670,"column":22}},"276":{"start":{"line":671,"column":3},"end":{"line":671,"column":47}},"277":{"start":{"line":673,"column":2},"end":{"line":673,"column":45}},"278":{"start":{"line":677,"column":0},"end":{"line":679,"column":2}},"279":{"start":{"line":678,"column":1},"end":{"line":678,"column":62}},"280":{"start":{"line":686,"column":0},"end":{"line":686,"column":19}}},"fnMap":{"0":{"name":"(anonymous_0)","decl":{"start":{"line":11,"column":16},"end":{"line":11,"column":17}},"loc":{"start":{"line":11,"column":34},"end":{"line":13,"column":1}},"line":11},"1":{"name":"(anonymous_1)","decl":{"start":{"line":71,"column":15},"end":{"line":71,"column":16}},"loc":{"start":{"line":71,"column":42},"end":{"line":77,"column":2}},"line":71},"2":{"name":"(anonymous_2)","decl":{"start":{"line":89,"column":24},"end":{"line":89,"column":25}},"loc":{"start":{"line":89,"column":41},"end":{"line":92,"column":1}},"line":89},"3":{"name":"(anonymous_3)","decl":{"start":{"line":99,"column":13},"end":{"line":99,"column":14}},"loc":{"start":{"line":99,"column":33},"end":{"line":102,"column":1}},"line":99},"4":{"name":"(anonymous_4)","decl":{"start":{"line":105,"column":21},"end":{"line":105,"column":22}},"loc":{"start":{"line":105,"column":38},"end":{"line":157,"column":1}},"line":105},"5":{"name":"(anonymous_5)","decl":{"start":{"line":152,"column":40},"end":{"line":152,"column":41}},"loc":{"start":{"line":152,"column":65},"end":{"line":155,"column":2}},"line":152},"6":{"name":"(anonymous_6)","decl":{"start":{"line":174,"column":16},"end":{"line":174,"column":17}},"loc":{"start":{"line":174,"column":33},"end":{"line":176,"column":1}},"line":174},"7":{"name":"(anonymous_7)","decl":{"start":{"line":178,"column":18},"end":{"line":178,"column":19}},"loc":{"start":{"line":178,"column":35},"end":{"line":228,"column":1}},"line":178},"8":{"name":"(anonymous_8)","decl":{"start":{"line":179,"column":52},"end":{"line":179,"column":53}},"loc":{"start":{"line":179,"column":63},"end":{"line":224,"column":5}},"line":179},"9":{"name":"(anonymous_9)","decl":{"start":{"line":196,"column":60},"end":{"line":196,"column":61}},"loc":{"start":{"line":196,"column":71},"end":{"line":221,"column":1}},"line":196},"10":{"name":"(anonymous_10)","decl":{"start":{"line":224,"column":7},"end":{"line":224,"column":8}},"loc":{"start":{"line":224,"column":14},"end":{"line":226,"column":2}},"line":224},"11":{"name":"(anonymous_11)","decl":{"start":{"line":232,"column":20},"end":{"line":232,"column":21}},"loc":{"start":{"line":232,"column":37},"end":{"line":298,"column":1}},"line":232},"12":{"name":"(anonymous_12)","decl":{"start":{"line":233,"column":61},"end":{"line":233,"column":62}},"loc":{"start":{"line":233,"column":72},"end":{"line":293,"column":1}},"line":233},"13":{"name":"(anonymous_13)","decl":{"start":{"line":254,"column":48},"end":{"line":254,"column":49}},"loc":{"start":{"line":254,"column":61},"end":{"line":290,"column":2}},"line":254},"14":{"name":"(anonymous_14)","decl":{"start":{"line":293,"column":3},"end":{"line":293,"column":4}},"loc":{"start":{"line":293,"column":10},"end":{"line":295,"column":1}},"line":293},"15":{"name":"(anonymous_15)","decl":{"start":{"line":299,"column":24},"end":{"line":299,"column":25}},"loc":{"start":{"line":299,"column":41},"end":{"line":312,"column":1}},"line":299},"16":{"name":"(anonymous_16)","decl":{"start":{"line":313,"column":22},"end":{"line":313,"column":23}},"loc":{"start":{"line":313,"column":39},"end":{"line":323,"column":1}},"line":313},"17":{"name":"(anonymous_17)","decl":{"start":{"line":324,"column":23},"end":{"line":324,"column":24}},"loc":{"start":{"line":324,"column":40},"end":{"line":333,"column":1}},"line":324},"18":{"name":"(anonymous_18)","decl":{"start":{"line":335,"column":17},"end":{"line":335,"column":18}},"loc":{"start":{"line":335,"column":34},"end":{"line":340,"column":1}},"line":335},"19":{"name":"(anonymous_19)","decl":{"start":{"line":336,"column":50},"end":{"line":336,"column":51}},"loc":{"start":{"line":336,"column":70},"end":{"line":339,"column":2}},"line":336},"20":{"name":"(anonymous_20)","decl":{"start":{"line":341,"column":22},"end":{"line":341,"column":23}},"loc":{"start":{"line":341,"column":39},"end":{"line":345,"column":1}},"line":341},"21":{"name":"(anonymous_21)","decl":{"start":{"line":349,"column":20},"end":{"line":349,"column":21}},"loc":{"start":{"line":349,"column":37},"end":{"line":387,"column":2}},"line":349},"22":{"name":"(anonymous_22)","decl":{"start":{"line":381,"column":44},"end":{"line":381,"column":45}},"loc":{"start":{"line":381,"column":69},"end":{"line":385,"column":3}},"line":381},"23":{"name":"(anonymous_23)","decl":{"start":{"line":390,"column":19},"end":{"line":390,"column":20}},"loc":{"start":{"line":390,"column":39},"end":{"line":402,"column":1}},"line":390},"24":{"name":"(anonymous_24)","decl":{"start":{"line":406,"column":22},"end":{"line":406,"column":23}},"loc":{"start":{"line":406,"column":41},"end":{"line":481,"column":1}},"line":406},"25":{"name":"(anonymous_25)","decl":{"start":{"line":410,"column":29},"end":{"line":410,"column":30}},"loc":{"start":{"line":410,"column":47},"end":{"line":479,"column":3}},"line":410},"26":{"name":"(anonymous_26)","decl":{"start":{"line":432,"column":49},"end":{"line":432,"column":50}},"loc":{"start":{"line":432,"column":71},"end":{"line":474,"column":10}},"line":432},"27":{"name":"(anonymous_27)","decl":{"start":{"line":487,"column":19},"end":{"line":487,"column":20}},"loc":{"start":{"line":487,"column":47},"end":{"line":529,"column":1}},"line":487},"28":{"name":"(anonymous_28)","decl":{"start":{"line":516,"column":28},"end":{"line":516,"column":29}},"loc":{"start":{"line":516,"column":49},"end":{"line":528,"column":2}},"line":516},"29":{"name":"(anonymous_29)","decl":{"start":{"line":532,"column":24},"end":{"line":532,"column":25}},"loc":{"start":{"line":532,"column":41},"end":{"line":535,"column":1}},"line":532},"30":{"name":"(anonymous_30)","decl":{"start":{"line":539,"column":20},"end":{"line":539,"column":21}},"loc":{"start":{"line":539,"column":48},"end":{"line":570,"column":1}},"line":539},"31":{"name":"(anonymous_31)","decl":{"start":{"line":559,"column":28},"end":{"line":559,"column":29}},"loc":{"start":{"line":559,"column":49},"end":{"line":569,"column":2}},"line":559},"32":{"name":"(anonymous_32)","decl":{"start":{"line":572,"column":18},"end":{"line":572,"column":19}},"loc":{"start":{"line":572,"column":37},"end":{"line":585,"column":1}},"line":572},"33":{"name":"(anonymous_33)","decl":{"start":{"line":578,"column":5},"end":{"line":578,"column":6}},"loc":{"start":{"line":578,"column":19},"end":{"line":582,"column":5}},"line":578},"34":{"name":"(anonymous_34)","decl":{"start":{"line":589,"column":25},"end":{"line":589,"column":26}},"loc":{"start":{"line":589,"column":44},"end":{"line":618,"column":1}},"line":589},"35":{"name":"(anonymous_35)","decl":{"start":{"line":610,"column":5},"end":{"line":610,"column":6}},"loc":{"start":{"line":610,"column":19},"end":{"line":615,"column":5}},"line":610},"36":{"name":"(anonymous_36)","decl":{"start":{"line":621,"column":27},"end":{"line":621,"column":28}},"loc":{"start":{"line":621,"column":46},"end":{"line":655,"column":1}},"line":621},"37":{"name":"(anonymous_37)","decl":{"start":{"line":648,"column":5},"end":{"line":648,"column":6}},"loc":{"start":{"line":648,"column":19},"end":{"line":652,"column":5}},"line":648},"38":{"name":"(anonymous_38)","decl":{"start":{"line":657,"column":20},"end":{"line":657,"column":21}},"loc":{"start":{"line":657,"column":37},"end":{"line":674,"column":2}},"line":657},"39":{"name":"(anonymous_39)","decl":{"start":{"line":669,"column":43},"end":{"line":669,"column":44}},"loc":{"start":{"line":669,"column":68},"end":{"line":672,"column":3}},"line":669},"40":{"name":"(anonymous_40)","decl":{"start":{"line":677,"column":17},"end":{"line":677,"column":18}},"loc":{"start":{"line":677,"column":34},"end":{"line":679,"column":1}},"line":677}},"branchMap":{"0":{"loc":{"start":{"line":63,"column":8},"end":{"line":63,"column":54}},"type":"binary-expr","locations":[{"start":{"line":63,"column":8},"end":{"line":63,"column":31}},{"start":{"line":63,"column":36},"end":{"line":63,"column":54}}],"line":63},"1":{"loc":{"start":{"line":64,"column":11},"end":{"line":64,"column":47}},"type":"binary-expr","locations":[{"start":{"line":64,"column":11},"end":{"line":64,"column":37}},{"start":{"line":64,"column":41},"end":{"line":64,"column":47}}],"line":64},"2":{"loc":{"start":{"line":68,"column":13},"end":{"line":68,"column":57}},"type":"binary-expr","locations":[{"start":{"line":68,"column":13},"end":{"line":68,"column":42}},{"start":{"line":68,"column":46},"end":{"line":68,"column":57}}],"line":68},"3":{"loc":{"start":{"line":69,"column":17},"end":{"line":69,"column":109}},"type":"binary-expr","locations":[{"start":{"line":69,"column":17},"end":{"line":69,"column":46}},{"start":{"line":69,"column":50},"end":{"line":69,"column":109}}],"line":69},"4":{"loc":{"start":{"line":72,"column":2},"end":{"line":75,"column":3}},"type":"if","locations":[{"start":{"line":72,"column":2},"end":{"line":75,"column":3}},{"start":{},"end":{}}],"line":72},"5":{"loc":{"start":{"line":72,"column":5},"end":{"line":72,"column":54}},"type":"binary-expr","locations":[{"start":{"line":72,"column":5},"end":{"line":72,"column":24}},{"start":{"line":72,"column":28},"end":{"line":72,"column":54}}],"line":72},"6":{"loc":{"start":{"line":128,"column":2},"end":{"line":149,"column":1}},"type":"if","locations":[{"start":{"line":128,"column":2},"end":{"line":149,"column":1}},{"start":{},"end":{}}],"line":128},"7":{"loc":{"start":{"line":153,"column":2},"end":{"line":153,"column":21}},"type":"if","locations":[{"start":{"line":153,"column":2},"end":{"line":153,"column":21}},{"start":{},"end":{}}],"line":153},"8":{"loc":{"start":{"line":263,"column":5},"end":{"line":267,"column":6}},"type":"if","locations":[{"start":{"line":263,"column":5},"end":{"line":267,"column":6}},{"start":{},"end":{}}],"line":263},"9":{"loc":{"start":{"line":281,"column":2},"end":{"line":283,"column":3}},"type":"if","locations":[{"start":{"line":281,"column":2},"end":{"line":283,"column":3}},{"start":{},"end":{}}],"line":281},"10":{"loc":{"start":{"line":382,"column":3},"end":{"line":382,"column":22}},"type":"if","locations":[{"start":{"line":382,"column":3},"end":{"line":382,"column":22}},{"start":{},"end":{}}],"line":382},"11":{"loc":{"start":{"line":411,"column":7},"end":{"line":411,"column":26}},"type":"if","locations":[{"start":{"line":411,"column":7},"end":{"line":411,"column":26}},{"start":{},"end":{}}],"line":411},"12":{"loc":{"start":{"line":417,"column":0},"end":{"line":477,"column":1}},"type":"if","locations":[{"start":{"line":417,"column":0},"end":{"line":477,"column":1}},{"start":{"line":421,"column":4},"end":{"line":477,"column":1}}],"line":417},"13":{"loc":{"start":{"line":417,"column":4},"end":{"line":417,"column":43}},"type":"binary-expr","locations":[{"start":{"line":417,"column":4},"end":{"line":417,"column":20}},{"start":{"line":417,"column":24},"end":{"line":417,"column":43}}],"line":417},"14":{"loc":{"start":{"line":422,"column":3},"end":{"line":476,"column":5}},"type":"if","locations":[{"start":{"line":422,"column":3},"end":{"line":476,"column":5}},{"start":{"line":429,"column":8},"end":{"line":476,"column":5}}],"line":422},"15":{"loc":{"start":{"line":422,"column":7},"end":{"line":422,"column":55}},"type":"binary-expr","locations":[{"start":{"line":422,"column":7},"end":{"line":422,"column":28}},{"start":{"line":422,"column":32},"end":{"line":422,"column":55}}],"line":422},"16":{"loc":{"start":{"line":433,"column":7},"end":{"line":433,"column":26}},"type":"if","locations":[{"start":{"line":433,"column":7},"end":{"line":433,"column":26}},{"start":{},"end":{}}],"line":433},"17":{"loc":{"start":{"line":435,"column":7},"end":{"line":471,"column":14}},"type":"if","locations":[{"start":{"line":435,"column":7},"end":{"line":471,"column":14}},{"start":{"line":467,"column":16},"end":{"line":471,"column":14}}],"line":435},"18":{"loc":{"start":{"line":448,"column":17},"end":{"line":465,"column":18}},"type":"if","locations":[{"start":{"line":448,"column":17},"end":{"line":465,"column":18}},{"start":{"line":456,"column":21},"end":{"line":465,"column":18}}],"line":448},"19":{"loc":{"start":{"line":518,"column":2},"end":{"line":527,"column":3}},"type":"if","locations":[{"start":{"line":518,"column":2},"end":{"line":527,"column":3}},{"start":{"line":523,"column":7},"end":{"line":527,"column":3}}],"line":518},"20":{"loc":{"start":{"line":561,"column":2},"end":{"line":568,"column":3}},"type":"if","locations":[{"start":{"line":561,"column":2},"end":{"line":568,"column":3}},{"start":{"line":565,"column":7},"end":{"line":568,"column":3}}],"line":561},"21":{"loc":{"start":{"line":579,"column":6},"end":{"line":581,"column":46}},"type":"if","locations":[{"start":{"line":579,"column":6},"end":{"line":581,"column":46}},{"start":{"line":581,"column":6},"end":{"line":581,"column":46}}],"line":579},"22":{"loc":{"start":{"line":611,"column":6},"end":{"line":614,"column":26}},"type":"if","locations":[{"start":{"line":611,"column":6},"end":{"line":614,"column":26}},{"start":{"line":612,"column":10},"end":{"line":614,"column":26}}],"line":611},"23":{"loc":{"start":{"line":649,"column":6},"end":{"line":651,"column":57}},"type":"if","locations":[{"start":{"line":649,"column":6},"end":{"line":651,"column":57}},{"start":{"line":650,"column":10},"end":{"line":651,"column":57}}],"line":649},"24":{"loc":{"start":{"line":670,"column":3},"end":{"line":670,"column":22}},"type":"if","locations":[{"start":{"line":670,"column":3},"end":{"line":670,"column":22}},{"start":{},"end":{}}],"line":670}},"s":{"0":1,"1":1,"2":1,"3":1,"4":1,"5":1,"6":1,"7":1,"8":1,"9":0,"10":1,"11":1,"12":1,"13":1,"14":1,"15":1,"16":1,"17":1,"18":1,"19":1,"20":1,"21":1,"22":1,"23":1,"24":0,"25":0,"26":0,"27":1,"28":1,"29":1,"30":1,"31":1,"32":0,"33":1,"34":1,"35":1,"36":1,"37":0,"38":0,"39":0,"40":0,"41":0,"42":0,"43":0,"44":0,"45":0,"46":0,"47":0,"48":0,"49":0,"50":0,"51":0,"52":0,"53":0,"54":0,"55":0,"56":0,"57":0,"58":0,"59":0,"60":1,"61":1,"62":1,"63":1,"64":1,"65":1,"66":0,"67":0,"68":0,"69":0,"70":0,"71":0,"72":0,"73":0,"74":0,"75":0,"76":0,"77":0,"78":0,"79":0,"80":0,"81":0,"82":0,"83":0,"84":0,"85":0,"86":0,"87":0,"88":0,"89":0,"90":0,"91":0,"92":0,"93":0,"94":1,"95":1,"96":0,"97":0,"98":0,"99":0,"100":0,"101":0,"102":0,"103":0,"104":0,"105":0,"106":0,"107":0,"108":0,"109":0,"110":0,"111":0,"112":0,"113":0,"114":0,"115":0,"116":0,"117":0,"118":0,"119":0,"120":0,"121":0,"122":0,"123":0,"124":0,"125":0,"126":0,"127":1,"128":1,"129":1,"130":1,"131":1,"132":1,"133":1,"134":1,"135":0,"136":1,"137":1,"138":1,"139":0,"140":0,"141":0,"142":0,"143":0,"144":0,"145":0,"146":0,"147":0,"148":0,"149":0,"150":0,"151":0,"152":0,"153":0,"154":0,"155":0,"156":0,"157":1,"158":0,"159":0,"160":0,"161":0,"162":0,"163":1,"164":0,"165":0,"166":0,"167":0,"168":0,"169":0,"170":0,"171":0,"172":0,"173":0,"174":0,"175":0,"176":0,"177":0,"178":0,"179":0,"180":0,"181":0,"182":0,"183":0,"184":0,"185":0,"186":0,"187":0,"188":0,"189":0,"190":0,"191":0,"192":0,"193":0,"194":0,"195":0,"196":0,"197":0,"198":0,"199":0,"200":0,"201":0,"202":0,"203":0,"204":0,"205":0,"206":0,"207":0,"208":0,"209":1,"210":0,"211":0,"212":0,"213":0,"214":0,"215":0,"216":0,"217":0,"218":0,"219":0,"220":1,"221":1,"222":1,"223":0,"224":0,"225":0,"226":0,"227":0,"228":0,"229":0,"230":0,"231":0,"232":0,"233":1,"234":0,"235":0,"236":0,"237":0,"238":0,"239":1,"240":0,"241":0,"242":0,"243":0,"244":0,"245":0,"246":0,"247":0,"248":0,"249":0,"250":0,"251":0,"252":1,"253":0,"254":0,"255":0,"256":0,"257":0,"258":0,"259":0,"260":0,"261":0,"262":0,"263":0,"264":0,"265":0,"266":0,"267":1,"268":0,"269":0,"270":0,"271":0,"272":0,"273":0,"274":0,"275":0,"276":0,"277":0,"278":1,"279":1,"280":1},"f":{"0":0,"1":0,"2":0,"3":1,"4":0,"5":0,"6":1,"7":1,"8":0,"9":0,"10":0,"11":1,"12":0,"13":0,"14":0,"15":1,"16":1,"17":1,"18":1,"19":0,"20":1,"21":0,"22":0,"23":0,"24":0,"25":0,"26":0,"27":0,"28":0,"29":1,"30":0,"31":0,"32":0,"33":0,"34":0,"35":0,"36":0,"37":0,"38":0,"39":0,"40":1},"b":{"0":[1,1],"1":[1,1],"2":[1,1],"3":[1,1],"4":[0,0],"5":[0,0],"6":[0,0],"7":[0,0],"8":[0,0],"9":[0,0],"10":[0,0],"11":[0,0],"12":[0,0],"13":[0,0],"14":[0,0],"15":[0,0],"16":[0,0],"17":[0,0],"18":[0,0],"19":[0,0],"20":[0,0],"21":[0,0],"22":[0,0],"23":[0,0],"24":[0,0]},"_coverageSchema":"1a1c01bbd47fc00a2c39e90264f33305004495a9","hash":"1df2269a127946fc15129258ba275f237b5e7aca"}
,"C:\\Users\\MOHAMMED\\Desktop\\v1\\PM2022_TEAM_30\\ev-waze\\app.js": {"path":"C:\\Users\\MOHAMMED\\Desktop\\v1\\PM2022_TEAM_30\\ev-waze\\app.js","statementMap":{"0":{"start":{"line":1,"column":12},"end":{"line":1,"column":30}},"1":{"start":{"line":2,"column":15},"end":{"line":2,"column":37}},"2":{"start":{"line":3,"column":13},"end":{"line":3,"column":28}},"3":{"start":{"line":4,"column":19},"end":{"line":4,"column":40}},"4":{"start":{"line":5,"column":14},"end":{"line":5,"column":40}},"5":{"start":{"line":6,"column":17},"end":{"line":6,"column":36}},"6":{"start":{"line":9,"column":7},"end":{"line":9,"column":26}},"7":{"start":{"line":10,"column":0},"end":{"line":10,"column":62}},"8":{"start":{"line":11,"column":0},"end":{"line":13,"column":2}},"9":{"start":{"line":12,"column":1},"end":{"line":12,"column":37}},"10":{"start":{"line":14,"column":12},"end":{"line":14,"column":21}},"11":{"start":{"line":16,"column":0},"end":{"line":16,"column":33}},"12":{"start":{"line":19,"column":0},"end":{"line":24,"column":3}},"13":{"start":{"line":40,"column":16},"end":{"line":40,"column":34}},"14":{"start":{"line":41,"column":23},"end":{"line":41,"column":50}},"15":{"start":{"line":42,"column":24},"end":{"line":42,"column":52}},"16":{"start":{"line":43,"column":22},"end":{"line":43,"column":44}},"17":{"start":{"line":44,"column":0},"end":{"line":44,"column":40}},"18":{"start":{"line":47,"column":13},"end":{"line":48,"column":85}},"19":{"start":{"line":49,"column":17},"end":{"line":49,"column":112}},"20":{"start":{"line":50,"column":16},"end":{"line":50,"column":86}},"21":{"start":{"line":52,"column":16},"end":{"line":57,"column":2}},"22":{"start":{"line":59,"column":12},"end":{"line":62,"column":1}},"23":{"start":{"line":64,"column":15},"end":{"line":75,"column":2}},"24":{"start":{"line":69,"column":2},"end":{"line":72,"column":3}},"25":{"start":{"line":71,"column":3},"end":{"line":71,"column":15}},"26":{"start":{"line":73,"column":2},"end":{"line":73,"column":14}},"27":{"start":{"line":77,"column":0},"end":{"line":77,"column":41}},"28":{"start":{"line":79,"column":0},"end":{"line":79,"column":27}},"29":{"start":{"line":81,"column":0},"end":{"line":81,"column":34}},"30":{"start":{"line":83,"column":0},"end":{"line":85,"column":4}},"31":{"start":{"line":86,"column":0},"end":{"line":89,"column":2}},"32":{"start":{"line":88,"column":1},"end":{"line":88,"column":15}},"33":{"start":{"line":94,"column":0},"end":{"line":94,"column":30}},"34":{"start":{"line":96,"column":0},"end":{"line":99,"column":3}},"35":{"start":{"line":98,"column":2},"end":{"line":98,"column":42}},"36":{"start":{"line":102,"column":0},"end":{"line":156,"column":2}},"37":{"start":{"line":104,"column":3},"end":{"line":104,"column":35}},"38":{"start":{"line":105,"column":2},"end":{"line":105,"column":31}},"39":{"start":{"line":106,"column":3},"end":{"line":106,"column":32}},"40":{"start":{"line":107,"column":2},"end":{"line":107,"column":24}},"41":{"start":{"line":108,"column":2},"end":{"line":108,"column":27}},"42":{"start":{"line":109,"column":2},"end":{"line":109,"column":36}},"43":{"start":{"line":110,"column":2},"end":{"line":110,"column":28}},"44":{"start":{"line":111,"column":3},"end":{"line":111,"column":32}},"45":{"start":{"line":112,"column":3},"end":{"line":112,"column":30}},"46":{"start":{"line":113,"column":1},"end":{"line":113,"column":30}},"47":{"start":{"line":115,"column":2},"end":{"line":124,"column":2}},"48":{"start":{"line":125,"column":2},"end":{"line":148,"column":1}},"49":{"start":{"line":126,"column":1},"end":{"line":126,"column":28}},"50":{"start":{"line":127,"column":1},"end":{"line":127,"column":30}},"51":{"start":{"line":128,"column":4},"end":{"line":128,"column":46}},"52":{"start":{"line":129,"column":4},"end":{"line":129,"column":42}},"53":{"start":{"line":130,"column":4},"end":{"line":130,"column":24}},"54":{"start":{"line":131,"column":4},"end":{"line":145,"column":5}},"55":{"start":{"line":151,"column":2},"end":{"line":154,"column":4}},"56":{"start":{"line":152,"column":2},"end":{"line":152,"column":21}},"57":{"start":{"line":152,"column":11},"end":{"line":152,"column":21}},"58":{"start":{"line":153,"column":2},"end":{"line":153,"column":46}},"59":{"start":{"line":155,"column":1},"end":{"line":155,"column":44}},"60":{"start":{"line":158,"column":10},"end":{"line":158,"column":15}},"61":{"start":{"line":159,"column":9},"end":{"line":163,"column":1}},"62":{"start":{"line":173,"column":0},"end":{"line":175,"column":3}},"63":{"start":{"line":174,"column":1},"end":{"line":174,"column":110}},"64":{"start":{"line":177,"column":0},"end":{"line":232,"column":3}},"65":{"start":{"line":178,"column":2},"end":{"line":230,"column":4}},"66":{"start":{"line":183,"column":20},"end":{"line":183,"column":22}},"67":{"start":{"line":184,"column":17},"end":{"line":184,"column":19}},"68":{"start":{"line":185,"column":5},"end":{"line":189,"column":6}},"69":{"start":{"line":185,"column":15},"end":{"line":185,"column":16}},"70":{"start":{"line":187,"column":4},"end":{"line":187,"column":88}},"71":{"start":{"line":188,"column":6},"end":{"line":188,"column":29}},"72":{"start":{"line":190,"column":5},"end":{"line":190,"column":27}},"73":{"start":{"line":193,"column":0},"end":{"line":217,"column":2}},"74":{"start":{"line":194,"column":13},"end":{"line":194,"column":15}},"75":{"start":{"line":195,"column":14},"end":{"line":195,"column":16}},"76":{"start":{"line":196,"column":1},"end":{"line":199,"column":1}},"77":{"start":{"line":196,"column":11},"end":{"line":196,"column":12}},"78":{"start":{"line":197,"column":2},"end":{"line":197,"column":61}},"79":{"start":{"line":198,"column":2},"end":{"line":198,"column":23}},"80":{"start":{"line":200,"column":0},"end":{"line":200,"column":53}},"81":{"start":{"line":202,"column":0},"end":{"line":202,"column":19}},"82":{"start":{"line":203,"column":9},"end":{"line":203,"column":10}},"83":{"start":{"line":204,"column":9},"end":{"line":204,"column":10}},"84":{"start":{"line":205,"column":8},"end":{"line":205,"column":9}},"85":{"start":{"line":206,"column":0},"end":{"line":209,"column":1}},"86":{"start":{"line":206,"column":10},"end":{"line":206,"column":11}},"87":{"start":{"line":207,"column":0},"end":{"line":207,"column":29}},"88":{"start":{"line":208,"column":0},"end":{"line":208,"column":8}},"89":{"start":{"line":210,"column":1},"end":{"line":210,"column":14}},"90":{"start":{"line":211,"column":0},"end":{"line":211,"column":20}},"91":{"start":{"line":213,"column":0},"end":{"line":213,"column":18}},"92":{"start":{"line":214,"column":0},"end":{"line":214,"column":153}},"93":{"start":{"line":229,"column":3},"end":{"line":229,"column":20}},"94":{"start":{"line":239,"column":0},"end":{"line":307,"column":3}},"95":{"start":{"line":240,"column":1},"end":{"line":304,"column":3}},"96":{"start":{"line":253,"column":18},"end":{"line":253,"column":20}},"97":{"start":{"line":254,"column":11},"end":{"line":254,"column":13}},"98":{"start":{"line":255,"column":1},"end":{"line":258,"column":2}},"99":{"start":{"line":255,"column":11},"end":{"line":255,"column":12}},"100":{"start":{"line":256,"column":2},"end":{"line":256,"column":207}},"101":{"start":{"line":257,"column":2},"end":{"line":257,"column":25}},"102":{"start":{"line":259,"column":1},"end":{"line":259,"column":25}},"103":{"start":{"line":261,"column":1},"end":{"line":299,"column":3}},"104":{"start":{"line":263,"column":20},"end":{"line":263,"column":22}},"105":{"start":{"line":264,"column":15},"end":{"line":264,"column":17}},"106":{"start":{"line":265,"column":2},"end":{"line":283,"column":2}},"107":{"start":{"line":265,"column":12},"end":{"line":265,"column":13}},"108":{"start":{"line":266,"column":12},"end":{"line":266,"column":13}},"109":{"start":{"line":267,"column":12},"end":{"line":267,"column":13}},"110":{"start":{"line":268,"column":11},"end":{"line":268,"column":12}},"111":{"start":{"line":269,"column":4},"end":{"line":277,"column":5}},"112":{"start":{"line":269,"column":14},"end":{"line":269,"column":15}},"113":{"start":{"line":270,"column":5},"end":{"line":275,"column":6}},"114":{"start":{"line":271,"column":6},"end":{"line":271,"column":37}},"115":{"start":{"line":272,"column":6},"end":{"line":272,"column":14}},"116":{"start":{"line":278,"column":4},"end":{"line":278,"column":17}},"117":{"start":{"line":279,"column":0},"end":{"line":279,"column":43}},"118":{"start":{"line":280,"column":0},"end":{"line":280,"column":27}},"119":{"start":{"line":288,"column":0},"end":{"line":295,"column":1}},"120":{"start":{"line":288,"column":10},"end":{"line":288,"column":11}},"121":{"start":{"line":289,"column":1},"end":{"line":293,"column":2}},"122":{"start":{"line":289,"column":11},"end":{"line":289,"column":12}},"123":{"start":{"line":290,"column":2},"end":{"line":292,"column":3}},"124":{"start":{"line":291,"column":3},"end":{"line":291,"column":39}},"125":{"start":{"line":297,"column":0},"end":{"line":297,"column":131}},"126":{"start":{"line":303,"column":2},"end":{"line":303,"column":19}},"127":{"start":{"line":308,"column":0},"end":{"line":321,"column":3}},"128":{"start":{"line":309,"column":1},"end":{"line":320,"column":20}},"129":{"start":{"line":322,"column":0},"end":{"line":332,"column":3}},"130":{"start":{"line":323,"column":1},"end":{"line":331,"column":4}},"131":{"start":{"line":333,"column":0},"end":{"line":342,"column":3}},"132":{"start":{"line":334,"column":1},"end":{"line":341,"column":27}},"133":{"start":{"line":344,"column":0},"end":{"line":349,"column":3}},"134":{"start":{"line":345,"column":12},"end":{"line":348,"column":3}},"135":{"start":{"line":346,"column":2},"end":{"line":346,"column":58}},"136":{"start":{"line":350,"column":0},"end":{"line":354,"column":3}},"137":{"start":{"line":351,"column":2},"end":{"line":351,"column":54}},"138":{"start":{"line":358,"column":0},"end":{"line":396,"column":3}},"139":{"start":{"line":360,"column":15},"end":{"line":360,"column":31}},"140":{"start":{"line":361,"column":17},"end":{"line":361,"column":35}},"141":{"start":{"line":362,"column":16},"end":{"line":362,"column":33}},"142":{"start":{"line":371,"column":17},"end":{"line":371,"column":27}},"143":{"start":{"line":375,"column":11},"end":{"line":375,"column":48}},"144":{"start":{"line":376,"column":12},"end":{"line":376,"column":56}},"145":{"start":{"line":377,"column":11},"end":{"line":377,"column":34}},"146":{"start":{"line":378,"column":12},"end":{"line":378,"column":32}},"147":{"start":{"line":379,"column":14},"end":{"line":379,"column":36}},"148":{"start":{"line":380,"column":14},"end":{"line":380,"column":36}},"149":{"start":{"line":382,"column":18},"end":{"line":382,"column":96}},"150":{"start":{"line":383,"column":3},"end":{"line":389,"column":3}},"151":{"start":{"line":390,"column":3},"end":{"line":394,"column":5}},"152":{"start":{"line":391,"column":3},"end":{"line":391,"column":22}},"153":{"start":{"line":391,"column":12},"end":{"line":391,"column":22}},"154":{"start":{"line":392,"column":3},"end":{"line":392,"column":48}},"155":{"start":{"line":393,"column":3},"end":{"line":393,"column":21}},"156":{"start":{"line":395,"column":2},"end":{"line":395,"column":32}},"157":{"start":{"line":399,"column":0},"end":{"line":411,"column":3}},"158":{"start":{"line":400,"column":2},"end":{"line":400,"column":50}},"159":{"start":{"line":405,"column":1},"end":{"line":405,"column":27}},"160":{"start":{"line":406,"column":1},"end":{"line":406,"column":33}},"161":{"start":{"line":409,"column":0},"end":{"line":409,"column":19}},"162":{"start":{"line":410,"column":2},"end":{"line":410,"column":20}},"163":{"start":{"line":415,"column":3},"end":{"line":490,"column":3}},"164":{"start":{"line":416,"column":22},"end":{"line":416,"column":52}},"165":{"start":{"line":417,"column":15},"end":{"line":417,"column":107}},"166":{"start":{"line":418,"column":22},"end":{"line":418,"column":24}},"167":{"start":{"line":419,"column":4},"end":{"line":488,"column":5}},"168":{"start":{"line":420,"column":7},"end":{"line":420,"column":26}},"169":{"start":{"line":420,"column":16},"end":{"line":420,"column":26}},"170":{"start":{"line":421,"column":17},"end":{"line":421,"column":32}},"171":{"start":{"line":422,"column":19},"end":{"line":422,"column":40}},"172":{"start":{"line":424,"column":9},"end":{"line":424,"column":28}},"173":{"start":{"line":425,"column":6},"end":{"line":425,"column":24}},"174":{"start":{"line":426,"column":0},"end":{"line":486,"column":1}},"175":{"start":{"line":427,"column":1},"end":{"line":427,"column":31}},"176":{"start":{"line":428,"column":1},"end":{"line":428,"column":28}},"177":{"start":{"line":431,"column":3},"end":{"line":485,"column":5}},"178":{"start":{"line":432,"column":4},"end":{"line":432,"column":26}},"179":{"start":{"line":433,"column":4},"end":{"line":433,"column":27}},"180":{"start":{"line":436,"column":9},"end":{"line":436,"column":47}},"181":{"start":{"line":438,"column":9},"end":{"line":438,"column":28}},"182":{"start":{"line":441,"column":5},"end":{"line":483,"column":12}},"183":{"start":{"line":442,"column":7},"end":{"line":442,"column":26}},"184":{"start":{"line":442,"column":16},"end":{"line":442,"column":26}},"185":{"start":{"line":443,"column":7},"end":{"line":443,"column":27}},"186":{"start":{"line":444,"column":7},"end":{"line":480,"column":14}},"187":{"start":{"line":445,"column":8},"end":{"line":445,"column":38}},"188":{"start":{"line":446,"column":8},"end":{"line":446,"column":37}},"189":{"start":{"line":447,"column":8},"end":{"line":447,"column":38}},"190":{"start":{"line":448,"column":8},"end":{"line":448,"column":32}},"191":{"start":{"line":449,"column":8},"end":{"line":449,"column":33}},"192":{"start":{"line":450,"column":8},"end":{"line":450,"column":44}},"193":{"start":{"line":451,"column":8},"end":{"line":451,"column":35}},"194":{"start":{"line":452,"column":8},"end":{"line":452,"column":37}},"195":{"start":{"line":453,"column":8},"end":{"line":453,"column":52}},"196":{"start":{"line":454,"column":8},"end":{"line":454,"column":47}},"197":{"start":{"line":455,"column":8},"end":{"line":455,"column":29}},"198":{"start":{"line":457,"column":17},"end":{"line":474,"column":18}},"199":{"start":{"line":458,"column":10},"end":{"line":458,"column":29}},"200":{"start":{"line":459,"column":19},"end":{"line":459,"column":57}},"201":{"start":{"line":460,"column":10},"end":{"line":460,"column":31}},"202":{"start":{"line":461,"column":10},"end":{"line":461,"column":32}},"203":{"start":{"line":467,"column":9},"end":{"line":467,"column":32}},"204":{"start":{"line":468,"column":9},"end":{"line":468,"column":33}},"205":{"start":{"line":473,"column":19},"end":{"line":473,"column":58}},"206":{"start":{"line":478,"column":17},"end":{"line":478,"column":47}},"207":{"start":{"line":479,"column":17},"end":{"line":479,"column":44}},"208":{"start":{"line":481,"column":13},"end":{"line":481,"column":24}},"209":{"start":{"line":496,"column":0},"end":{"line":538,"column":3}},"210":{"start":{"line":500,"column":21},"end":{"line":511,"column":3}},"211":{"start":{"line":513,"column":16},"end":{"line":513,"column":106}},"212":{"start":{"line":514,"column":16},"end":{"line":514,"column":177}},"213":{"start":{"line":515,"column":12},"end":{"line":522,"column":2}},"214":{"start":{"line":525,"column":1},"end":{"line":537,"column":4}},"215":{"start":{"line":527,"column":2},"end":{"line":536,"column":3}},"216":{"start":{"line":528,"column":3},"end":{"line":528,"column":20}},"217":{"start":{"line":530,"column":3},"end":{"line":530,"column":100}},"218":{"start":{"line":533,"column":6},"end":{"line":533,"column":27}},"219":{"start":{"line":535,"column":3},"end":{"line":535,"column":65}},"220":{"start":{"line":541,"column":0},"end":{"line":544,"column":3}},"221":{"start":{"line":542,"column":2},"end":{"line":542,"column":57}},"222":{"start":{"line":548,"column":0},"end":{"line":579,"column":3}},"223":{"start":{"line":550,"column":21},"end":{"line":558,"column":3}},"224":{"start":{"line":559,"column":2},"end":{"line":559,"column":43}},"225":{"start":{"line":560,"column":16},"end":{"line":560,"column":105}},"226":{"start":{"line":561,"column":12},"end":{"line":566,"column":2}},"227":{"start":{"line":568,"column":1},"end":{"line":578,"column":4}},"228":{"start":{"line":570,"column":2},"end":{"line":577,"column":3}},"229":{"start":{"line":571,"column":3},"end":{"line":571,"column":20}},"230":{"start":{"line":572,"column":3},"end":{"line":572,"column":100}},"231":{"start":{"line":575,"column":6},"end":{"line":575,"column":27}},"232":{"start":{"line":576,"column":3},"end":{"line":576,"column":65}},"233":{"start":{"line":581,"column":0},"end":{"line":594,"column":3}},"234":{"start":{"line":582,"column":20},"end":{"line":582,"column":41}},"235":{"start":{"line":583,"column":2},"end":{"line":591,"column":7}},"236":{"start":{"line":588,"column":6},"end":{"line":590,"column":46}},"237":{"start":{"line":588,"column":15},"end":{"line":588,"column":25}},"238":{"start":{"line":590,"column":6},"end":{"line":590,"column":46}},"239":{"start":{"line":598,"column":0},"end":{"line":628,"column":3}},"240":{"start":{"line":599,"column":18},"end":{"line":599,"column":36}},"241":{"start":{"line":600,"column":16},"end":{"line":600,"column":33}},"242":{"start":{"line":601,"column":17},"end":{"line":601,"column":34}},"243":{"start":{"line":602,"column":12},"end":{"line":602,"column":26}},"244":{"start":{"line":603,"column":12},"end":{"line":603,"column":29}},"245":{"start":{"line":604,"column":18},"end":{"line":604,"column":38}},"246":{"start":{"line":605,"column":14},"end":{"line":605,"column":30}},"247":{"start":{"line":606,"column":17},"end":{"line":606,"column":21}},"248":{"start":{"line":608,"column":13},"end":{"line":616,"column":2}},"249":{"start":{"line":617,"column":2},"end":{"line":625,"column":7}},"250":{"start":{"line":622,"column":6},"end":{"line":624,"column":46}},"251":{"start":{"line":622,"column":15},"end":{"line":622,"column":25}},"252":{"start":{"line":624,"column":6},"end":{"line":624,"column":45}},"253":{"start":{"line":631,"column":0},"end":{"line":665,"column":3}},"254":{"start":{"line":632,"column":18},"end":{"line":632,"column":36}},"255":{"start":{"line":633,"column":16},"end":{"line":633,"column":33}},"256":{"start":{"line":634,"column":12},"end":{"line":634,"column":29}},"257":{"start":{"line":635,"column":18},"end":{"line":635,"column":38}},"258":{"start":{"line":636,"column":14},"end":{"line":636,"column":30}},"259":{"start":{"line":637,"column":18},"end":{"line":637,"column":22}},"260":{"start":{"line":638,"column":21},"end":{"line":638,"column":45}},"261":{"start":{"line":639,"column":19},"end":{"line":639,"column":41}},"262":{"start":{"line":640,"column":10},"end":{"line":640,"column":23}},"263":{"start":{"line":642,"column":13},"end":{"line":652,"column":2}},"264":{"start":{"line":654,"column":2},"end":{"line":662,"column":7}},"265":{"start":{"line":659,"column":6},"end":{"line":661,"column":57}},"266":{"start":{"line":659,"column":15},"end":{"line":659,"column":25}},"267":{"start":{"line":661,"column":6},"end":{"line":661,"column":56}},"268":{"start":{"line":667,"column":0},"end":{"line":684,"column":3}},"269":{"start":{"line":668,"column":1},"end":{"line":668,"column":20}},"270":{"start":{"line":669,"column":14},"end":{"line":669,"column":28}},"271":{"start":{"line":670,"column":14},"end":{"line":670,"column":28}},"272":{"start":{"line":671,"column":15},"end":{"line":671,"column":30}},"273":{"start":{"line":673,"column":3},"end":{"line":678,"column":3}},"274":{"start":{"line":679,"column":3},"end":{"line":682,"column":5}},"275":{"start":{"line":680,"column":3},"end":{"line":680,"column":22}},"276":{"start":{"line":680,"column":12},"end":{"line":680,"column":22}},"277":{"start":{"line":681,"column":3},"end":{"line":681,"column":47}},"278":{"start":{"line":683,"column":2},"end":{"line":683,"column":45}},"279":{"start":{"line":687,"column":0},"end":{"line":689,"column":2}},"280":{"start":{"line":688,"column":1},"end":{"line":688,"column":62}},"281":{"start":{"line":696,"column":0},"end":{"line":696,"column":19}}},"fnMap":{"0":{"name":"(anonymous_0)","decl":{"start":{"line":11,"column":16},"end":{"line":11,"column":17}},"loc":{"start":{"line":11,"column":34},"end":{"line":13,"column":1}},"line":11},"1":{"name":"(anonymous_1)","decl":{"start":{"line":68,"column":15},"end":{"line":68,"column":16}},"loc":{"start":{"line":68,"column":42},"end":{"line":74,"column":2}},"line":68},"2":{"name":"(anonymous_2)","decl":{"start":{"line":86,"column":24},"end":{"line":86,"column":25}},"loc":{"start":{"line":86,"column":41},"end":{"line":89,"column":1}},"line":86},"3":{"name":"(anonymous_3)","decl":{"start":{"line":96,"column":42},"end":{"line":96,"column":43}},"loc":{"start":{"line":96,"column":62},"end":{"line":99,"column":1}},"line":96},"4":{"name":"(anonymous_4)","decl":{"start":{"line":102,"column":21},"end":{"line":102,"column":22}},"loc":{"start":{"line":102,"column":38},"end":{"line":156,"column":1}},"line":102},"5":{"name":"(anonymous_5)","decl":{"start":{"line":151,"column":40},"end":{"line":151,"column":41}},"loc":{"start":{"line":151,"column":65},"end":{"line":154,"column":2}},"line":151},"6":{"name":"(anonymous_6)","decl":{"start":{"line":173,"column":16},"end":{"line":173,"column":17}},"loc":{"start":{"line":173,"column":33},"end":{"line":175,"column":1}},"line":173},"7":{"name":"(anonymous_7)","decl":{"start":{"line":177,"column":18},"end":{"line":177,"column":19}},"loc":{"start":{"line":177,"column":35},"end":{"line":232,"column":1}},"line":177},"8":{"name":"(anonymous_8)","decl":{"start":{"line":178,"column":52},"end":{"line":178,"column":53}},"loc":{"start":{"line":178,"column":63},"end":{"line":228,"column":5}},"line":178},"9":{"name":"(anonymous_9)","decl":{"start":{"line":193,"column":60},"end":{"line":193,"column":61}},"loc":{"start":{"line":193,"column":71},"end":{"line":217,"column":1}},"line":193},"10":{"name":"(anonymous_10)","decl":{"start":{"line":228,"column":7},"end":{"line":228,"column":8}},"loc":{"start":{"line":228,"column":14},"end":{"line":230,"column":2}},"line":228},"11":{"name":"(anonymous_11)","decl":{"start":{"line":239,"column":20},"end":{"line":239,"column":21}},"loc":{"start":{"line":239,"column":37},"end":{"line":307,"column":1}},"line":239},"12":{"name":"(anonymous_12)","decl":{"start":{"line":240,"column":61},"end":{"line":240,"column":62}},"loc":{"start":{"line":240,"column":72},"end":{"line":302,"column":1}},"line":240},"13":{"name":"(anonymous_13)","decl":{"start":{"line":261,"column":48},"end":{"line":261,"column":49}},"loc":{"start":{"line":261,"column":61},"end":{"line":299,"column":2}},"line":261},"14":{"name":"(anonymous_14)","decl":{"start":{"line":302,"column":3},"end":{"line":302,"column":4}},"loc":{"start":{"line":302,"column":10},"end":{"line":304,"column":1}},"line":302},"15":{"name":"(anonymous_15)","decl":{"start":{"line":308,"column":24},"end":{"line":308,"column":25}},"loc":{"start":{"line":308,"column":41},"end":{"line":321,"column":1}},"line":308},"16":{"name":"(anonymous_16)","decl":{"start":{"line":322,"column":22},"end":{"line":322,"column":23}},"loc":{"start":{"line":322,"column":39},"end":{"line":332,"column":1}},"line":322},"17":{"name":"(anonymous_17)","decl":{"start":{"line":333,"column":23},"end":{"line":333,"column":24}},"loc":{"start":{"line":333,"column":40},"end":{"line":342,"column":1}},"line":333},"18":{"name":"(anonymous_18)","decl":{"start":{"line":344,"column":17},"end":{"line":344,"column":18}},"loc":{"start":{"line":344,"column":34},"end":{"line":349,"column":1}},"line":344},"19":{"name":"(anonymous_19)","decl":{"start":{"line":345,"column":50},"end":{"line":345,"column":51}},"loc":{"start":{"line":345,"column":70},"end":{"line":348,"column":2}},"line":345},"20":{"name":"(anonymous_20)","decl":{"start":{"line":350,"column":22},"end":{"line":350,"column":23}},"loc":{"start":{"line":350,"column":39},"end":{"line":354,"column":1}},"line":350},"21":{"name":"(anonymous_21)","decl":{"start":{"line":358,"column":20},"end":{"line":358,"column":21}},"loc":{"start":{"line":358,"column":37},"end":{"line":396,"column":2}},"line":358},"22":{"name":"(anonymous_22)","decl":{"start":{"line":390,"column":44},"end":{"line":390,"column":45}},"loc":{"start":{"line":390,"column":69},"end":{"line":394,"column":3}},"line":390},"23":{"name":"(anonymous_23)","decl":{"start":{"line":399,"column":19},"end":{"line":399,"column":20}},"loc":{"start":{"line":399,"column":39},"end":{"line":411,"column":1}},"line":399},"24":{"name":"(anonymous_24)","decl":{"start":{"line":415,"column":22},"end":{"line":415,"column":23}},"loc":{"start":{"line":415,"column":41},"end":{"line":490,"column":1}},"line":415},"25":{"name":"(anonymous_25)","decl":{"start":{"line":419,"column":29},"end":{"line":419,"column":30}},"loc":{"start":{"line":419,"column":47},"end":{"line":488,"column":3}},"line":419},"26":{"name":"(anonymous_26)","decl":{"start":{"line":441,"column":49},"end":{"line":441,"column":50}},"loc":{"start":{"line":441,"column":71},"end":{"line":483,"column":10}},"line":441},"27":{"name":"(anonymous_27)","decl":{"start":{"line":496,"column":19},"end":{"line":496,"column":20}},"loc":{"start":{"line":496,"column":47},"end":{"line":538,"column":1}},"line":496},"28":{"name":"(anonymous_28)","decl":{"start":{"line":525,"column":28},"end":{"line":525,"column":29}},"loc":{"start":{"line":525,"column":49},"end":{"line":537,"column":2}},"line":525},"29":{"name":"(anonymous_29)","decl":{"start":{"line":541,"column":24},"end":{"line":541,"column":25}},"loc":{"start":{"line":541,"column":41},"end":{"line":544,"column":1}},"line":541},"30":{"name":"(anonymous_30)","decl":{"start":{"line":548,"column":20},"end":{"line":548,"column":21}},"loc":{"start":{"line":548,"column":48},"end":{"line":579,"column":1}},"line":548},"31":{"name":"(anonymous_31)","decl":{"start":{"line":568,"column":28},"end":{"line":568,"column":29}},"loc":{"start":{"line":568,"column":49},"end":{"line":578,"column":2}},"line":568},"32":{"name":"(anonymous_32)","decl":{"start":{"line":581,"column":18},"end":{"line":581,"column":19}},"loc":{"start":{"line":581,"column":37},"end":{"line":594,"column":1}},"line":581},"33":{"name":"(anonymous_33)","decl":{"start":{"line":587,"column":5},"end":{"line":587,"column":6}},"loc":{"start":{"line":587,"column":19},"end":{"line":591,"column":5}},"line":587},"34":{"name":"(anonymous_34)","decl":{"start":{"line":598,"column":25},"end":{"line":598,"column":26}},"loc":{"start":{"line":598,"column":44},"end":{"line":628,"column":1}},"line":598},"35":{"name":"(anonymous_35)","decl":{"start":{"line":621,"column":5},"end":{"line":621,"column":6}},"loc":{"start":{"line":621,"column":19},"end":{"line":625,"column":5}},"line":621},"36":{"name":"(anonymous_36)","decl":{"start":{"line":631,"column":27},"end":{"line":631,"column":28}},"loc":{"start":{"line":631,"column":46},"end":{"line":665,"column":1}},"line":631},"37":{"name":"(anonymous_37)","decl":{"start":{"line":658,"column":5},"end":{"line":658,"column":6}},"loc":{"start":{"line":658,"column":19},"end":{"line":662,"column":5}},"line":658},"38":{"name":"(anonymous_38)","decl":{"start":{"line":667,"column":20},"end":{"line":667,"column":21}},"loc":{"start":{"line":667,"column":37},"end":{"line":684,"column":2}},"line":667},"39":{"name":"(anonymous_39)","decl":{"start":{"line":679,"column":43},"end":{"line":679,"column":44}},"loc":{"start":{"line":679,"column":68},"end":{"line":682,"column":3}},"line":679},"40":{"name":"(anonymous_40)","decl":{"start":{"line":687,"column":17},"end":{"line":687,"column":18}},"loc":{"start":{"line":687,"column":34},"end":{"line":689,"column":1}},"line":687}},"branchMap":{"0":{"loc":{"start":{"line":60,"column":8},"end":{"line":60,"column":54}},"type":"binary-expr","locations":[{"start":{"line":60,"column":8},"end":{"line":60,"column":31}},{"start":{"line":60,"column":36},"end":{"line":60,"column":54}}],"line":60},"1":{"loc":{"start":{"line":61,"column":11},"end":{"line":61,"column":47}},"type":"binary-expr","locations":[{"start":{"line":61,"column":11},"end":{"line":61,"column":37}},{"start":{"line":61,"column":41},"end":{"line":61,"column":47}}],"line":61},"2":{"loc":{"start":{"line":65,"column":13},"end":{"line":65,"column":57}},"type":"binary-expr","locations":[{"start":{"line":65,"column":13},"end":{"line":65,"column":42}},{"start":{"line":65,"column":46},"end":{"line":65,"column":57}}],"line":65},"3":{"loc":{"start":{"line":66,"column":17},"end":{"line":66,"column":109}},"type":"binary-expr","locations":[{"start":{"line":66,"column":17},"end":{"line":66,"column":46}},{"start":{"line":66,"column":50},"end":{"line":66,"column":109}}],"line":66},"4":{"loc":{"start":{"line":69,"column":2},"end":{"line":72,"column":3}},"type":"if","locations":[{"start":{"line":69,"column":2},"end":{"line":72,"column":3}},{"start":{},"end":{}}],"line":69},"5":{"loc":{"start":{"line":69,"column":5},"end":{"line":69,"column":54}},"type":"binary-expr","locations":[{"start":{"line":69,"column":5},"end":{"line":69,"column":24}},{"start":{"line":69,"column":28},"end":{"line":69,"column":54}}],"line":69},"6":{"loc":{"start":{"line":125,"column":2},"end":{"line":148,"column":1}},"type":"if","locations":[{"start":{"line":125,"column":2},"end":{"line":148,"column":1}},{"start":{},"end":{}}],"line":125},"7":{"loc":{"start":{"line":152,"column":2},"end":{"line":152,"column":21}},"type":"if","locations":[{"start":{"line":152,"column":2},"end":{"line":152,"column":21}},{"start":{},"end":{}}],"line":152},"8":{"loc":{"start":{"line":270,"column":5},"end":{"line":275,"column":6}},"type":"if","locations":[{"start":{"line":270,"column":5},"end":{"line":275,"column":6}},{"start":{},"end":{}}],"line":270},"9":{"loc":{"start":{"line":290,"column":2},"end":{"line":292,"column":3}},"type":"if","locations":[{"start":{"line":290,"column":2},"end":{"line":292,"column":3}},{"start":{},"end":{}}],"line":290},"10":{"loc":{"start":{"line":391,"column":3},"end":{"line":391,"column":22}},"type":"if","locations":[{"start":{"line":391,"column":3},"end":{"line":391,"column":22}},{"start":{},"end":{}}],"line":391},"11":{"loc":{"start":{"line":420,"column":7},"end":{"line":420,"column":26}},"type":"if","locations":[{"start":{"line":420,"column":7},"end":{"line":420,"column":26}},{"start":{},"end":{}}],"line":420},"12":{"loc":{"start":{"line":426,"column":0},"end":{"line":486,"column":1}},"type":"if","locations":[{"start":{"line":426,"column":0},"end":{"line":486,"column":1}},{"start":{"line":430,"column":4},"end":{"line":486,"column":1}}],"line":426},"13":{"loc":{"start":{"line":426,"column":4},"end":{"line":426,"column":43}},"type":"binary-expr","locations":[{"start":{"line":426,"column":4},"end":{"line":426,"column":20}},{"start":{"line":426,"column":24},"end":{"line":426,"column":43}}],"line":426},"14":{"loc":{"start":{"line":431,"column":3},"end":{"line":485,"column":5}},"type":"if","locations":[{"start":{"line":431,"column":3},"end":{"line":485,"column":5}},{"start":{"line":438,"column":8},"end":{"line":485,"column":5}}],"line":431},"15":{"loc":{"start":{"line":431,"column":7},"end":{"line":431,"column":55}},"type":"binary-expr","locations":[{"start":{"line":431,"column":7},"end":{"line":431,"column":28}},{"start":{"line":431,"column":32},"end":{"line":431,"column":55}}],"line":431},"16":{"loc":{"start":{"line":442,"column":7},"end":{"line":442,"column":26}},"type":"if","locations":[{"start":{"line":442,"column":7},"end":{"line":442,"column":26}},{"start":{},"end":{}}],"line":442},"17":{"loc":{"start":{"line":444,"column":7},"end":{"line":480,"column":14}},"type":"if","locations":[{"start":{"line":444,"column":7},"end":{"line":480,"column":14}},{"start":{"line":476,"column":16},"end":{"line":480,"column":14}}],"line":444},"18":{"loc":{"start":{"line":457,"column":17},"end":{"line":474,"column":18}},"type":"if","locations":[{"start":{"line":457,"column":17},"end":{"line":474,"column":18}},{"start":{"line":465,"column":21},"end":{"line":474,"column":18}}],"line":457},"19":{"loc":{"start":{"line":527,"column":2},"end":{"line":536,"column":3}},"type":"if","locations":[{"start":{"line":527,"column":2},"end":{"line":536,"column":3}},{"start":{"line":532,"column":7},"end":{"line":536,"column":3}}],"line":527},"20":{"loc":{"start":{"line":570,"column":2},"end":{"line":577,"column":3}},"type":"if","locations":[{"start":{"line":570,"column":2},"end":{"line":577,"column":3}},{"start":{"line":574,"column":7},"end":{"line":577,"column":3}}],"line":570},"21":{"loc":{"start":{"line":588,"column":6},"end":{"line":590,"column":46}},"type":"if","locations":[{"start":{"line":588,"column":6},"end":{"line":590,"column":46}},{"start":{"line":590,"column":6},"end":{"line":590,"column":46}}],"line":588},"22":{"loc":{"start":{"line":622,"column":6},"end":{"line":624,"column":46}},"type":"if","locations":[{"start":{"line":622,"column":6},"end":{"line":624,"column":46}},{"start":{"line":623,"column":10},"end":{"line":624,"column":46}}],"line":622},"23":{"loc":{"start":{"line":659,"column":6},"end":{"line":661,"column":57}},"type":"if","locations":[{"start":{"line":659,"column":6},"end":{"line":661,"column":57}},{"start":{"line":660,"column":10},"end":{"line":661,"column":57}}],"line":659},"24":{"loc":{"start":{"line":680,"column":3},"end":{"line":680,"column":22}},"type":"if","locations":[{"start":{"line":680,"column":3},"end":{"line":680,"column":22}},{"start":{},"end":{}}],"line":680}},"s":{"0":1,"1":1,"2":1,"3":1,"4":1,"5":1,"6":1,"7":1,"8":1,"9":0,"10":1,"11":1,"12":1,"13":1,"14":1,"15":1,"16":1,"17":1,"18":1,"19":1,"20":1,"21":1,"22":1,"23":1,"24":0,"25":0,"26":0,"27":1,"28":1,"29":1,"30":1,"31":1,"32":0,"33":1,"34":1,"35":0,"36":1,"37":0,"38":0,"39":0,"40":0,"41":0,"42":0,"43":0,"44":0,"45":0,"46":0,"47":0,"48":0,"49":0,"50":0,"51":0,"52":0,"53":0,"54":0,"55":0,"56":0,"57":0,"58":0,"59":0,"60":1,"61":1,"62":1,"63":0,"64":1,"65":0,"66":0,"67":0,"68":0,"69":0,"70":0,"71":0,"72":0,"73":0,"74":0,"75":0,"76":0,"77":0,"78":0,"79":0,"80":0,"81":0,"82":0,"83":0,"84":0,"85":0,"86":0,"87":0,"88":0,"89":0,"90":0,"91":0,"92":0,"93":0,"94":1,"95":0,"96":0,"97":0,"98":0,"99":0,"100":0,"101":0,"102":0,"103":0,"104":0,"105":0,"106":0,"107":0,"108":0,"109":0,"110":0,"111":0,"112":0,"113":0,"114":0,"115":0,"116":0,"117":0,"118":0,"119":0,"120":0,"121":0,"122":0,"123":0,"124":0,"125":0,"126":0,"127":1,"128":0,"129":1,"130":0,"131":1,"132":0,"133":1,"134":0,"135":0,"136":1,"137":0,"138":1,"139":0,"140":0,"141":0,"142":0,"143":0,"144":0,"145":0,"146":0,"147":0,"148":0,"149":0,"150":0,"151":0,"152":0,"153":0,"154":0,"155":0,"156":0,"157":1,"158":0,"159":0,"160":0,"161":0,"162":0,"163":1,"164":0,"165":0,"166":0,"167":0,"168":0,"169":0,"170":0,"171":0,"172":0,"173":0,"174":0,"175":0,"176":0,"177":0,"178":0,"179":0,"180":0,"181":0,"182":0,"183":0,"184":0,"185":0,"186":0,"187":0,"188":0,"189":0,"190":0,"191":0,"192":0,"193":0,"194":0,"195":0,"196":0,"197":0,"198":0,"199":0,"200":0,"201":0,"202":0,"203":0,"204":0,"205":0,"206":0,"207":0,"208":0,"209":1,"210":0,"211":0,"212":0,"213":0,"214":0,"215":0,"216":0,"217":0,"218":0,"219":0,"220":1,"221":0,"222":1,"223":0,"224":0,"225":0,"226":0,"227":0,"228":0,"229":0,"230":0,"231":0,"232":0,"233":1,"234":0,"235":0,"236":0,"237":0,"238":0,"239":1,"240":0,"241":0,"242":0,"243":0,"244":0,"245":0,"246":0,"247":0,"248":0,"249":0,"250":0,"251":0,"252":0,"253":1,"254":0,"255":0,"256":0,"257":0,"258":0,"259":0,"260":0,"261":0,"262":0,"263":0,"264":0,"265":0,"266":0,"267":0,"268":1,"269":0,"270":0,"271":0,"272":0,"273":0,"274":0,"275":0,"276":0,"277":0,"278":0,"279":1,"280":0,"281":1},"f":{"0":0,"1":0,"2":0,"3":0,"4":0,"5":0,"6":0,"7":0,"8":0,"9":0,"10":0,"11":0,"12":0,"13":0,"14":0,"15":0,"16":0,"17":0,"18":0,"19":0,"20":0,"21":0,"22":0,"23":0,"24":0,"25":0,"26":0,"27":0,"28":0,"29":0,"30":0,"31":0,"32":0,"33":0,"34":0,"35":0,"36":0,"37":0,"38":0,"39":0,"40":0},"b":{"0":[1,1],"1":[1,1],"2":[1,1],"3":[1,1],"4":[0,0],"5":[0,0],"6":[0,0],"7":[0,0],"8":[0,0],"9":[0,0],"10":[0,0],"11":[0,0],"12":[0,0],"13":[0,0],"14":[0,0],"15":[0,0],"16":[0,0],"17":[0,0],"18":[0,0],"19":[0,0],"20":[0,0],"21":[0,0],"22":[0,0],"23":[0,0],"24":[0,0]},"_coverageSchema":"1a1c01bbd47fc00a2c39e90264f33305004495a9","hash":"f864006e60262469da3afce49bbbcd45fad82b96"}
,"C:\\Users\\MOHAMMED\\Desktop\\v1\\PM2022_TEAM_30\\ev-wize\\app.js": {"path":"C:\\Users\\MOHAMMED\\Desktop\\v1\\PM2022_TEAM_30\\ev-wize\\app.js","statementMap":{"0":{"start":{"line":1,"column":12},"end":{"line":1,"column":30}},"1":{"start":{"line":2,"column":15},"end":{"line":2,"column":37}},"2":{"start":{"line":3,"column":13},"end":{"line":3,"column":28}},"3":{"start":{"line":4,"column":19},"end":{"line":4,"column":40}},"4":{"start":{"line":5,"column":14},"end":{"line":5,"column":40}},"5":{"start":{"line":6,"column":17},"end":{"line":6,"column":36}},"6":{"start":{"line":9,"column":7},"end":{"line":9,"column":26}},"7":{"start":{"line":10,"column":0},"end":{"line":10,"column":62}},"8":{"start":{"line":11,"column":0},"end":{"line":13,"column":2}},"9":{"start":{"line":12,"column":1},"end":{"line":12,"column":37}},"10":{"start":{"line":14,"column":12},"end":{"line":14,"column":21}},"11":{"start":{"line":16,"column":0},"end":{"line":16,"column":33}},"12":{"start":{"line":19,"column":0},"end":{"line":24,"column":3}},"13":{"start":{"line":40,"column":16},"end":{"line":40,"column":34}},"14":{"start":{"line":41,"column":23},"end":{"line":41,"column":50}},"15":{"start":{"line":42,"column":24},"end":{"line":42,"column":52}},"16":{"start":{"line":43,"column":22},"end":{"line":43,"column":44}},"17":{"start":{"line":44,"column":0},"end":{"line":44,"column":40}},"18":{"start":{"line":47,"column":13},"end":{"line":48,"column":85}},"19":{"start":{"line":49,"column":17},"end":{"line":49,"column":112}},"20":{"start":{"line":50,"column":16},"end":{"line":50,"column":86}},"21":{"start":{"line":52,"column":16},"end":{"line":57,"column":2}},"22":{"start":{"line":59,"column":12},"end":{"line":62,"column":1}},"23":{"start":{"line":64,"column":15},"end":{"line":75,"column":2}},"24":{"start":{"line":69,"column":2},"end":{"line":72,"column":3}},"25":{"start":{"line":71,"column":3},"end":{"line":71,"column":15}},"26":{"start":{"line":73,"column":2},"end":{"line":73,"column":14}},"27":{"start":{"line":77,"column":0},"end":{"line":77,"column":41}},"28":{"start":{"line":79,"column":0},"end":{"line":79,"column":27}},"29":{"start":{"line":81,"column":0},"end":{"line":81,"column":34}},"30":{"start":{"line":83,"column":0},"end":{"line":85,"column":4}},"31":{"start":{"line":86,"column":0},"end":{"line":89,"column":2}},"32":{"start":{"line":88,"column":1},"end":{"line":88,"column":15}},"33":{"start":{"line":94,"column":0},"end":{"line":94,"column":30}},"34":{"start":{"line":96,"column":0},"end":{"line":99,"column":3}},"35":{"start":{"line":98,"column":2},"end":{"line":98,"column":42}},"36":{"start":{"line":102,"column":0},"end":{"line":156,"column":2}},"37":{"start":{"line":104,"column":3},"end":{"line":104,"column":35}},"38":{"start":{"line":105,"column":2},"end":{"line":105,"column":31}},"39":{"start":{"line":106,"column":3},"end":{"line":106,"column":32}},"40":{"start":{"line":107,"column":2},"end":{"line":107,"column":24}},"41":{"start":{"line":108,"column":2},"end":{"line":108,"column":27}},"42":{"start":{"line":109,"column":2},"end":{"line":109,"column":36}},"43":{"start":{"line":110,"column":2},"end":{"line":110,"column":28}},"44":{"start":{"line":111,"column":3},"end":{"line":111,"column":32}},"45":{"start":{"line":112,"column":3},"end":{"line":112,"column":30}},"46":{"start":{"line":113,"column":1},"end":{"line":113,"column":30}},"47":{"start":{"line":115,"column":2},"end":{"line":124,"column":2}},"48":{"start":{"line":125,"column":2},"end":{"line":148,"column":1}},"49":{"start":{"line":126,"column":1},"end":{"line":126,"column":28}},"50":{"start":{"line":127,"column":1},"end":{"line":127,"column":30}},"51":{"start":{"line":128,"column":4},"end":{"line":128,"column":46}},"52":{"start":{"line":129,"column":4},"end":{"line":129,"column":42}},"53":{"start":{"line":130,"column":4},"end":{"line":130,"column":24}},"54":{"start":{"line":131,"column":4},"end":{"line":145,"column":5}},"55":{"start":{"line":151,"column":2},"end":{"line":154,"column":4}},"56":{"start":{"line":152,"column":2},"end":{"line":152,"column":21}},"57":{"start":{"line":152,"column":11},"end":{"line":152,"column":21}},"58":{"start":{"line":153,"column":2},"end":{"line":153,"column":46}},"59":{"start":{"line":155,"column":1},"end":{"line":155,"column":44}},"60":{"start":{"line":158,"column":10},"end":{"line":158,"column":15}},"61":{"start":{"line":159,"column":9},"end":{"line":163,"column":1}},"62":{"start":{"line":173,"column":0},"end":{"line":175,"column":3}},"63":{"start":{"line":174,"column":1},"end":{"line":174,"column":110}},"64":{"start":{"line":177,"column":0},"end":{"line":232,"column":3}},"65":{"start":{"line":178,"column":2},"end":{"line":230,"column":4}},"66":{"start":{"line":183,"column":20},"end":{"line":183,"column":22}},"67":{"start":{"line":184,"column":17},"end":{"line":184,"column":19}},"68":{"start":{"line":185,"column":5},"end":{"line":189,"column":6}},"69":{"start":{"line":185,"column":15},"end":{"line":185,"column":16}},"70":{"start":{"line":187,"column":4},"end":{"line":187,"column":88}},"71":{"start":{"line":188,"column":6},"end":{"line":188,"column":29}},"72":{"start":{"line":190,"column":5},"end":{"line":190,"column":27}},"73":{"start":{"line":193,"column":0},"end":{"line":217,"column":2}},"74":{"start":{"line":194,"column":13},"end":{"line":194,"column":15}},"75":{"start":{"line":195,"column":14},"end":{"line":195,"column":16}},"76":{"start":{"line":196,"column":1},"end":{"line":199,"column":1}},"77":{"start":{"line":196,"column":11},"end":{"line":196,"column":12}},"78":{"start":{"line":197,"column":2},"end":{"line":197,"column":61}},"79":{"start":{"line":198,"column":2},"end":{"line":198,"column":23}},"80":{"start":{"line":200,"column":0},"end":{"line":200,"column":53}},"81":{"start":{"line":202,"column":0},"end":{"line":202,"column":19}},"82":{"start":{"line":203,"column":9},"end":{"line":203,"column":10}},"83":{"start":{"line":204,"column":9},"end":{"line":204,"column":10}},"84":{"start":{"line":205,"column":8},"end":{"line":205,"column":9}},"85":{"start":{"line":206,"column":0},"end":{"line":209,"column":1}},"86":{"start":{"line":206,"column":10},"end":{"line":206,"column":11}},"87":{"start":{"line":207,"column":0},"end":{"line":207,"column":29}},"88":{"start":{"line":208,"column":0},"end":{"line":208,"column":8}},"89":{"start":{"line":210,"column":1},"end":{"line":210,"column":14}},"90":{"start":{"line":211,"column":0},"end":{"line":211,"column":20}},"91":{"start":{"line":213,"column":0},"end":{"line":213,"column":18}},"92":{"start":{"line":214,"column":0},"end":{"line":214,"column":153}},"93":{"start":{"line":229,"column":3},"end":{"line":229,"column":20}},"94":{"start":{"line":239,"column":0},"end":{"line":307,"column":3}},"95":{"start":{"line":240,"column":1},"end":{"line":304,"column":3}},"96":{"start":{"line":253,"column":18},"end":{"line":253,"column":20}},"97":{"start":{"line":254,"column":11},"end":{"line":254,"column":13}},"98":{"start":{"line":255,"column":1},"end":{"line":258,"column":2}},"99":{"start":{"line":255,"column":11},"end":{"line":255,"column":12}},"100":{"start":{"line":256,"column":2},"end":{"line":256,"column":207}},"101":{"start":{"line":257,"column":2},"end":{"line":257,"column":25}},"102":{"start":{"line":259,"column":1},"end":{"line":259,"column":25}},"103":{"start":{"line":261,"column":1},"end":{"line":299,"column":3}},"104":{"start":{"line":263,"column":20},"end":{"line":263,"column":22}},"105":{"start":{"line":264,"column":15},"end":{"line":264,"column":17}},"106":{"start":{"line":265,"column":2},"end":{"line":283,"column":2}},"107":{"start":{"line":265,"column":12},"end":{"line":265,"column":13}},"108":{"start":{"line":266,"column":12},"end":{"line":
[...]
570,"column":2},"end":{"line":577,"column":3}},"229":{"start":{"line":571,"column":3},"end":{"line":571,"column":20}},"230":{"start":{"line":572,"column":3},"end":{"line":572,"column":100}},"231":{"start":{"line":575,"column":6},"end":{"line":575,"column":27}},"232":{"start":{"line":576,"column":3},"end":{"line":576,"column":65}},"233":{"start":{"line":581,"column":0},"end":{"line":594,"column":3}},"234":{"start":{"line":582,"column":20},"end":{"line":582,"column":41}},"235":{"start":{"line":583,"column":2},"end":{"line":591,"column":7}},"236":{"start":{"line":588,"column":6},"end":{"line":590,"column":46}},"237":{"start":{"line":588,"column":15},"end":{"line":588,"column":25}},"238":{"start":{"line":590,"column":6},"end":{"line":590,"column":46}},"239":{"start":{"line":598,"column":0},"end":{"line":628,"column":3}},"240":{"start":{"line":599,"column":18},"end":{"line":599,"column":36}},"241":{"start":{"line":600,"column":16},"end":{"line":600,"column":33}},"242":{"start":{"line":601,"column":17},"end":{"line":601,"column":34}},"243":{"start":{"line":602,"column":12},"end":{"line":602,"column":26}},"244":{"start":{"line":603,"column":12},"end":{"line":603,"column":29}},"245":{"start":{"line":604,"column":18},"end":{"line":604,"column":38}},"246":{"start":{"line":605,"column":14},"end":{"line":605,"column":30}},"247":{"start":{"line":606,"column":17},"end":{"line":606,"column":21}},"248":{"start":{"line":608,"column":13},"end":{"line":616,"column":2}},"249":{"start":{"line":617,"column":2},"end":{"line":625,"column":7}},"250":{"start":{"line":622,"column":6},"end":{"line":624,"column":46}},"251":{"start":{"line":622,"column":15},"end":{"line":622,"column":25}},"252":{"start":{"line":624,"column":6},"end":{"line":624,"column":45}},"253":{"start":{"line":631,"column":0},"end":{"line":665,"column":3}},"254":{"start":{"line":632,"column":18},"end":{"line":632,"column":36}},"255":{"start":{"line":633,"column":16},"end":{"line":633,"column":33}},"256":{"start":{"line":634,"column":12},"end":{"line":634,"column":29}},"257":{"start":{"line":635,"column":18},"end":{"line":635,"column":38}},"258":{"start":{"line":636,"column":14},"end":{"line":636,"column":30}},"259":{"start":{"line":637,"column":18},"end":{"line":637,"column":22}},"260":{"start":{"line":638,"column":21},"end":{"line":638,"column":45}},"261":{"start":{"line":639,"column":19},"end":{"line":639,"column":41}},"262":{"start":{"line":640,"column":10},"end":{"line":640,"column":23}},"263":{"start":{"line":642,"column":13},"end":{"line":652,"column":2}},"264":{"start":{"line":654,"column":2},"end":{"line":662,"column":7}},"265":{"start":{"line":659,"column":6},"end":{"line":661,"column":57}},"266":{"start":{"line":659,"column":15},"end":{"line":659,"column":25}},"267":{"start":{"line":661,"column":6},"end":{"line":661,"column":56}},"268":{"start":{"line":667,"column":0},"end":{"line":684,"column":3}},"269":{"start":{"line":668,"column":1},"end":{"line":668,"column":20}},"270":{"start":{"line":669,"column":14},"end":{"line":669,"column":28}},"271":{"start":{"line":670,"column":14},"end":{"line":670,"column":28}},"272":{"start":{"line":671,"column":15},"end":{"line":671,"column":30}},"273":{"start":{"line":673,"column":3},"end":{"line":678,"column":3}},"274":{"start":{"line":679,"column":3},"end":{"line":682,"column":5}},"275":{"start":{"line":680,"column":3},"end":{"line":680,"column":22}},"276":{"start":{"line":680,"column":12},"end":{"line":680,"column":22}},"277":{"start":{"line":681,"column":3},"end":{"line":681,"column":47}},"278":{"start":{"line":683,"column":2},"end":{"line":683,"column":45}},"279":{"start":{"line":687,"column":0},"end":{"line":689,"column":2}},"280":{"start":{"line":688,"column":1},"end":{"line":688,"column":62}},"281":{"start":{"line":696,"column":0},"end":{"line":696,"column":19}}},"fnMap":{"0":{"name":"(anonymous_0)","decl":{"start":{"line":11,"column":16},"end":{"line":11,"column":17}},"loc":{"start":{"line":11,"column":34},"end":{"line":13,"column":1}},"line":11},"1":{"name":"(anonymous_1)","decl":{"start":{"line":68,"column":15},"end":{"line":68,"column":16}},"loc":{"start":{"line":68,"column":42},"end":{"line":74,"column":2}},"line":68},"2":{"name":"(anonymous_2)","decl":{"start":{"line":86,"column":24},"end":{"line":86,"column":25}},"loc":{"start":{"line":86,"column":41},"end":{"line":89,"column":1}},"line":86},"3":{"name":"(anonymous_3)","decl":{"start":{"line":96,"column":42},"end":{"line":96,"column":43}},"loc":{"start":{"line":96,"column":62},"end":{"line":99,"column":1}},"line":96},"4":{"name":"(anonymous_4)","decl":{"start":{"line":102,"column":21},"end":{"line":102,"column":22}},"loc":{"start":{"line":102,"column":38},"end":{"line":156,"column":1}},"line":102},"5":{"name":"(anonymous_5)","decl":{"start":{"line":151,"column":40},"end":{"line":151,"column":41}},"loc":{"start":{"line":151,"column":65},"end":{"line":154,"column":2}},"line":151},"6":{"name":"(anonymous_6)","decl":{"start":{"line":173,"column":16},"end":{"line":173,"column":17}},"loc":{"start":{"line":173,"column":33},"end":{"line":175,"column":1}},"line":173},"7":{"name":"(anonymous_7)","decl":{"start":{"line":177,"column":18},"end":{"line":177,"column":19}},"loc":{"start":{"line":177,"column":35},"end":{"line":232,"column":1}},"line":177},"8":{"name":"(anonymous_8)","decl":{"start":{"line":178,"column":52},"end":{"line":178,"column":53}},"loc":{"start":{"line":178,"column":63},"end":{"line":228,"column":5}},"line":178},"9":{"name":"(anonymous_9)","decl":{"start":{"line":193,"column":60},"end":{"line":193,"column":61}},"loc":{"start":{"line":193,"column":71},"end":{"line":217,"column":1}},"line":193},"10":{"name":"(anonymous_10)","decl":{"start":{"line":228,"column":7},"end":{"line":228,"column":8}},"loc":{"start":{"line":228,"column":14},"end":{"line":230,"column":2}},"line":228},"11":{"name":"(anonymous_11)","decl":{"start":{"line":239,"column":20},"end":{"line":239,"column":21}},"loc":{"start":{"line":239,"column":37},"end":{"line":307,"column":1}},"line":239},"12":{"name":"(anonymous_12)","decl":{"start":{"line":240,"column":61},"end":{"line":240,"column":62}},"loc":{"start":{"line":240,"column":72},"end":{"line":302,"column":1}},"line":240},"13":{"name":"(anonymous_13)","decl":{"start":{"line":261,"column":48},"end":{"line":261,"column":49}},"loc":{"start":{"line":261,"column":61},"end":{"line":299,"column":2}},"line":261},"14":{"name":"(anonymous_14)","decl":{"start":{"line":302,"column":3},"end":{"line":302,"column":4}},"loc":{"start":{"line":302,"column":10},"end":{"line":304,"column":1}},"line":302},"15":{"name":"(anonymous_15)","decl":{"start":{"line":308,"column":24},"end":{"line":308,"column":25}},"loc":{"start":{"line":308,"column":41},"end":{"line":321,"column":1}},"line":308},"16":{"name":"(anonymous_16)","decl":{"start":{"line":322,"column":22},"end":{"line":322,"column":23}},"loc":{"start":{"line":322,"column":39},"end":{"line":332,"column":1}},"line":322},"17":{"name":"(anonymous_17)","decl":{"start":{"line":333,"column":23},"end":{"line":333,"column":24}},"loc":{"start":{"line":333,"column":40},"end":{"line":342,"column":1}},"line":333},"18":{"name":"(anonymous_18)","decl":{"start":{"line":344,"column":17},"end":{"line":344,"column":18}},"loc":{"start":{"line":344,"column":34},"end":{"line":349,"column":1}},"line":344},"19":{"name":"(anonymous_19)","decl":{"start":{"line":345,"column":50},"end":{"line":345,"column":51}},"loc":{"start":{"line":345,"column":70},"end":{"line":348,"column":2}},"line":345},"20":{"name":"(anonymous_20)","decl":{"start":{"line":350,"column":22},"end":{"line":350,"column":23}},"loc":{"start":{"line":350,"column":39},"end":{"line":354,"column":1}},"line":350},"21":{"name":"(anonymous_21)","decl":{"start":{"line":358,"column":20},"end":{"line":358,"column":21}},"loc":{"start":{"line":358,"column":37},"end":{"line":396,"column":2}},"line":358},"22":{"name":"(anonymous_22)","decl":{"start":{"line":390,"column":44},"end":{"line":390,"column":45}},"loc":{"start":{"line":390,"column":69},"end":{"line":394,"column":3}},"line":390},"23":{"name":"(anonymous_23)","decl":{"start":{"line":399,"column":19},"end":{"line":399,"column":20}},"loc":{"start":{"line":399,"column":39},"end":{"line":411,"column":1}},"line":399},"24":{"name":"(anonymous_24)","decl":{"start":{"line":415,"column":22},"end":{"line":415,"column":23}},"loc":{"start":{"line":415,"column":41},"end":{"line":490,"column":1}},"line":415},"25":{"name":"(anonymous_25)","decl":{"start":{"line":419,"column":29},"end":{"line":419,"column":30}},"loc":{"start":{"line":419,"column":47},"end":{"line":488,"column":3}},"line":419},"26":{"name":"(anonymous_26)","decl":{"start":{"line":441,"column":49},"end":{"line":441,"column":50}},"loc":{"start":{"line":441,"column":71},"end":{"line":483,"column":10}},"line":441},"27":{"name":"(anonymous_27)","decl":{"start":{"line":496,"column":19},"end":{"line":496,"column":20}},"loc":{"start":{"line":496,"column":47},"end":{"line":538,"column":1}},"line":496},"28":{"name":"(anonymous_28)","decl":{"start":{"line":525,"column":28},"end":{"line":525,"column":29}},"loc":{"start":{"line":525,"column":49},"end":{"line":537,"column":2}},"line":525},"29":{"name":"(anonymous_29)","decl":{"start":{"line":541,"column":24},"end":{"line":541,"column":25}},"loc":{"start":{"line":541,"column":41},"end":{"line":544,"column":1}},"line":541},"30":{"name":"(anonymous_30)","decl":{"start":{"line":548,"column":20},"end":{"line":548,"column":21}},"loc":{"start":{"line":548,"column":48},"end":{"line":579,"column":1}},"line":548},"31":{"name":"(anonymous_31)","decl":{"start":{"line":568,"column":28},"end":{"line":568,"column":29}},"loc":{"start":{"line":568,"column":49},"end":{"line":578,"column":2}},"line":568},"32":{"name":"(anonymous_32)","decl":{"start":{"line":581,"column":18},"end":{"line":581,"column":19}},"loc":{"start":{"line":581,"column":37},"end":{"line":594,"column":1}},"line":581},"33":{"name":"(anonymous_33)","decl":{"start":{"line":587,"column":5},"end":{"line":587,"column":6}},"loc":{"start":{"line":587,"column":19},"end":{"line":591,"column":5}},"line":587},"34":{"name":"(anonymous_34)","decl":{"start":{"line":598,"column":25},"end":{"line":598,"column":26}},"loc":{"start":{"line":598,"column":44},"end":{"line":628,"column":1}},"line":598},"35":{"name":"(anonymous_35)","decl":{"start":{"line":621,"column":5},"end":{"line":621,"column":6}},"loc":{"start":{"line":621,"column":19},"end":{"line":625,"column":5}},"line":621},"36":{"name":"(anonymous_36)","decl":{"start":{"line":631,"column":27},"end":{"line":631,"column":28}},"loc":{"start":{"line":631,"column":46},"end":{"line":665,"column":1}},"line":631},"37":{"name":"(anonymous_37)","decl":{"start":{"line":658,"column":5},"end":{"line":658,"column":6}},"loc":{"start":{"line":658,"column":19},"end":{"line":662,"column":5}},"line":658},"38":{"name":"(anonymous_38)","decl":{"start":{"line":667,"column":20},"end":{"line":667,"column":21}},"loc":{"start":{"line":667,"column":37},"end":{"line":684,"column":2}},"line":667},"39":{"name":"(anonymous_39)","decl":{"start":{"line":679,"column":43},"end":{"line":679,"column":44}},"loc":{"start":{"line":679,"column":68},"end":{"line":682,"column":3}},"line":679},"40":{"name":"(anonymous_40)","decl":{"start":{"line":687,"column":17},"end":{"line":687,"column":18}},"loc":{"start":{"line":687,"column":34},"end":{"line":689,"column":1}},"line":687}},"branchMap":{"0":{"loc":{"start":{"line":60,"column":8},"end":{"line":60,"column":54}},"type":"binary-expr","locations":[{"start":{"line":60,"column":8},"end":{"line":60,"column":31}},{"start":{"line":60,"column":36},"end":{"line":60,"column":54}}],"line":60},"1":{"loc":{"start":{"line":61,"column":11},"end":{"line":61,"column":47}},"type":"binary-expr","locations":[{"start":{"line":61,"column":11},"end":{"line":61,"column":37}},{"start":{"line":61,"column":41},"end":{"line":61,"column":47}}],"line":61},"2":{"loc":{"start":{"line":65,"column":13},"end":{"line":65,"column":57}},"type":"binary-expr","locations":[{"start":{"line":65,"column":13},"end":{"line":65,"column":42}},{"start":{"line":65,"column":46},"end":{"line":65,"column":57}}],"line":65},"3":{"loc":{"start":{"line":66,"column":17},"end":{"line":66,"column":109}},"type":"binary-expr","locations":[{"start":{"line":66,"column":17},"end":{"line":66,"column":46}},{"start":{"line":66,"column":50},"end":{"line":66,"column":109}}],"line":66},"4":{"loc":{"start":{"line":69,"column":2},"end":{"line":72,"column":3}},"type":"if","locations":[{"start":{"line":69,"column":2},"end":{"line":72,"column":3}},{"start":{},"end":{}}],"line":69},"5":{"loc":{"start":{"line":69,"column":5},"end":{"line":69,"column":54}},"type":"binary-expr","locations":[{"start":{"line":69,"column":5},"end":{"line":69,"column":24}},{"start":{"line":69,"column":28},"end":{"line":69,"column":54}}],"line":69},"6":{"loc":{"start":{"line":125,"column":2},"end":{"line":148,"column":1}},"type":"if","locations":[{"start":{"line":125,"column":2},"end":{"line":148,"column":1}},{"start":{},"end":{}}],"line":125},"7":{"loc":{"start":{"line":152,"column":2},"end":{"line":152,"column":21}},"type":"if","locations":[{"start":{"line":152,"column":2},"end":{"line":152,"column":21}},{"start":{},"end":{}}],"line":152},"8":{"loc":{"start":{"line":270,"column":5},"end":{"line":275,"column":6}},"type":"if","locations":[{"start":{"line":270,"column":5},"end":{"line":275,"column":6}},{"start":{},"end":{}}],"line":270},"9":{"loc":{"start":{"line":290,"column":2},"end":{"line":292,"column":3}},"type":"if","locations":[{"start":{"line":290,"column":2},"end":{"line":292,"column":3}},{"start":{},"end":{}}],"line":290},"10":{"loc":{"start":{"line":391,"column":3},"end":{"line":391,"column":22}},"type":"if","locations":[{"start":{"line":391,"column":3},"end":{"line":391,"column":22}},{"start":{},"end":{}}],"line":391},"11":{"loc":{"start":{"line":420,"column":7},"end":{"line":420,"column":26}},"type":"if","locations":[{"start":{"line":420,"column":7},"end":{"line":420,"column":26}},{"start":{},"end":{}}],"line":420},"12":{"loc":{"start":{"line":426,"column":0},"end":{"line":486,"column":1}},"type":"if","locations":[{"start":{"line":426,"column":0},"end":{"line":486,"column":1}},{"start":{"line":430,"column":4},"end":{"line":486,"column":1}}],"line":426},"13":{"loc":{"start":{"line":426,"column":4},"end":{"line":426,"column":43}},"type":"binary-expr","locations":[{"start":{"line":426,"column":4},"end":{"line":426,"column":20}},{"start":{"line":426,"column":24},"end":{"line":426,"column":43}}],"line":426},"14":{"loc":{"start":{"line":431,"column":3},"end":{"line":485,"column":5}},"type":"if","locations":[{"start":{"line":431,"column":3},"end":{"line":485,"column":5}},{"start":{"line":438,"column":8},"end":{"line":485,"column":5}}],"line":431},"15":{"loc":{"start":{"line":431,"column":7},"end":{"line":431,"column":55}},"type":"binary-expr","locations":[{"start":{"line":431,"column":7},"end":{"line":431,"column":28}},{"start":{"line":431,"column":32},"end":{"line":431,"column":55}}],"line":431},"16":{"loc":{"start":{"line":442,"column":7},"end":{"line":442,"column":26}},"type":"if","locations":[{"start":{"line":442,"column":7},"end":{"line":442,"column":26}},{"start":{},"end":{}}],"line":442},"17":{"loc":{"start":{"line":444,"column":7},"end":{"line":480,"column":14}},"type":"if","locations":[{"start":{"line":444,"column":7},"end":{"line":480,"column":14}},{"start":{"line":476,"column":16},"end":{"line":480,"column":14}}],"line":444},"18":{"loc":{"start":{"line":457,"column":17},"end":{"line":474,"column":18}},"type":"if","locations":[{"start":{"line":457,"column":17},"end":{"line":474,"column":18}},{"start":{"line":465,"column":21},"end":{"line":474,"column":18}}],"line":457},"19":{"loc":{"start":{"line":527,"column":2},"end":{"line":536,"column":3}},"type":"if","locations":[{"start":{"line":527,"column":2},"end":{"line":536,"column":3}},{"start":{"line":532,"column":7},"end":{"line":536,"column":3}}],"line":527},"20":{"loc":{"start":{"line":570,"column":2},"end":{"line":577,"column":3}},"type":"if","locations":[{"start":{"line":570,"column":2},"end":{"line":577,"column":3}},{"start":{"line":574,"column":7},"end":{"line":577,"column":3}}],"line":570},"21":{"loc":{"start":{"line":588,"column":6},"end":{"line":590,"column":46}},"type":"if","locations":[{"start":{"line":588,"column":6},"end":{"line":590,"column":46}},{"start":{"line":590,"column":6},"end":{"line":590,"column":46}}],"line":588},"22":{"loc":{"start":{"line":622,"column":6},"end":{"line":624,"column":46}},"type":"if","locations":[{"start":{"line":622,"column":6},"end":{"line":624,"column":46}},{"start":{"line":623,"column":10},"end":{"line":624,"column":46}}],"line":622},"23":{"loc":{"start":{"line":659,"column":6},"end":{"line":661,"column":57}},"type":"if","locations":[{"start":{"line":659,"column":6},"end":{"line":661,"column":57}},{"start":{"line":660,"column":10},"end":{"line":661,"column":57}}],"line":659},"24":{"loc":{"start":{"line":680,"column":3},"end":{"line":680,"column":22}},"type":"if","locations":[{"start":{"line":680,"column":3},"end":{"line":680,"column":22}},{"start":{},"end":{}}],"line":680}},"s":{"0":1,"1":1,"2":1,"3":1,"4":1,"5":1,"6":1,"7":1,"8":1,"9":0,"10":1,"11":1,"12":1,"13":1,"14":1,"15":1,"16":1,"17":1,"18":1,"19":1,"20":1,"21":1,"22":1,"23":1,"24":0,"25":0,"26":0,"27":1,"28":1,"29":1,"30":1,"31":1,"32":0,"33":1,"34":1,"35":0,"36":1,"37":0,"38":0,"39":0,"40":0,"41":0,"42":0,"43":0,"44":0,"45":0,"46":0,"47":0,"48":0,"49":0,"50":0,"51":0,"52":0,"53":0,"54":0,"55":0,"56":0,"57":0,"58":0,"59":0,"60":1,"61":1,"62":1,"63":0,"64":1,"65":0,"66":0,"67":0,"68":0,"69":0,"70":0,"71":0,"72":0,"73":0,"74":0,"75":0,"76":0,"77":0,"78":0,"79":0,"80":0,"81":0,"82":0,"83":0,"84":0,"85":0,"86":0,"87":0,"88":0,"89":0,"90":0,"91":0,"92":0,"93":0,"94":1,"95":0,"96":0,"97":0,"98":0,"99":0,"100":0,"101":0,"102":0,"103":0,"104":0,"105":0,"106":0,"107":0,"108":0,"109":0,"110":0,"111":0,"112":0,"113":0,"114":0,"115":0,"116":0,"117":0,"118":0,"119":0,"120":0,"121":0,"122":0,"123":0,"124":0,"125":0,"126":0,"127":1,"128":0,"129":1,"130":0,"131":1,"132":0,"133":1,"134":0,"135":0,"136":1,"137":0,"138":1,"139":0,"140":0,"141":0,"142":0,"143":0,"144":0,"145":0,"146":0,"147":0,"148":0,"149":0,"150":0,"151":0,"152":0,"153":0,"154":0,"155":0,"156":0,"157":1,"158":0,"159":0,"160":0,"161":0,"162":0,"163":1,"164":0,"165":0,"166":0,"167":0,"168":0,"169":0,"170":0,"171":0,"172":0,"173":0,"174":0,"175":0,"176":0,"177":0,"178":0,"179":0,"180":0,"181":0,"182":0,"183":0,"184":0,"185":0,"186":0,"187":0,"188":0,"189":0,"190":0,"191":0,"192":0,"193":0,"194":0,"195":0,"196":0,"197":0,"198":0,"199":0,"200":0,"201":0,"202":0,"203":0,"204":0,"205":0,"206":0,"207":0,"208":0,"209":1,"210":0,"211":0,"212":0,"213":0,"214":0,"215":0,"216":0,"217":0,"218":0,"219":0,"220":1,"221":0,"222":1,"223":0,"224":0,"225":0,"226":0,"227":0,"228":0,"229":0,"230":0,"231":0,"232":0,"233":1,"234":0,"235":0,"236":0,"237":0,"238":0,"239":1,"240":0,"241":0,"242":0,"243":0,"244":0,"245":0,"246":0,"247":0,"248":0,"249":0,"250":0,"251":0,"252":0,"253":1,"254":0,"255":0,"256":0,"257":0,"258":0,"259":0,"260":0,"261":0,"262":0,"263":0,"264":0,"265":0,"266":0,"267":0,"268":1,"269":0,"270":0,"271":0,"272":0,"273":0,"274":0,"275":0,"276":0,"277":0,"278":0,"279":1,"280":0,"281":1},"f":{"0":0,"1":0,"2":0,"3":0,"4":0,"5":0,"6":0,"7":0,"8":0,"9":0,"10":0,"11":0,"12":0,"13":0,"14":0,"15":0,"16":0,"17":0,"18":0,"19":0,"20":0,"21":0,"22":0,"23":0,"24":0,"25":0,"26":0,"27":0,"28":0,"29":0,"30":0,"31":0,"32":0,"33":0,"34":0,"35":0,"36":0,"37":0,"38":0,"39":0,"40":0},"b":{"0":[1,1],"1":[1,1],"2":[1,1],"3":[1,1],"4":[0,0],"5":[0,0],"6":[0,0],"7":[0,0],"8":[0,0],"9":[0,0],"10":[0,0],"11":[0,0],"12":[0,0],"13":[0,0],"14":[0,0],"15":[0,0],"16":[0,0],"17":[0,0],"18":[0,0],"19":[0,0],"20":[0,0],"21":[0,0],"22":[0,0],"23":[0,0],"24":[0,0]},"_coverageSchema":"1a1c01bbd47fc00a2c39e90264f33305004495a9","hash":"8a8edd4abd88c134ea07e6f6810f8915ceca137d"}
}
