TN:
SF:app.js
FN:11,(anonymous_0)
FN:71,(anonymous_1)
FN:89,(anonymous_2)
FN:99,(anonymous_3)
FN:105,(anonymous_4)
FN:152,(anonymous_5)
FN:174,(anonymous_6)
FN:178,(anonymous_7)
FN:179,(anonymous_8)
FN:196,(anonymous_9)
FN:224,(anonymous_10)
FN:232,(anonymous_11)
FN:233,(anonymous_12)
FN:254,(anonymous_13)
FN:293,(anonymous_14)
FN:299,(anonymous_15)
FN:313,(anonymous_16)
FN:324,(anonymous_17)
FN:335,(anonymous_18)
FN:336,(anonymous_19)
FN:341,(anonymous_20)
FN:349,(anonymous_21)
FN:381,(anonymous_22)
FN:390,(anonymous_23)
FN:406,(anonymous_24)
FN:410,(anonymous_25)
FN:432,(anonymous_26)
FN:487,(anonymous_27)
FN:516,(anonymous_28)
FN:532,(anonymous_29)
FN:539,(anonymous_30)
FN:559,(anonymous_31)
FN:572,(anonymous_32)
FN:578,(anonymous_33)
FN:589,(anonymous_34)
FN:610,(anonymous_35)
FN:621,(anonymous_36)
FN:648,(anonymous_37)
FN:657,(anonymous_38)
FN:669,(anonymous_39)
FN:677,(anonymous_40)
FNF:41
FNH:11
FNDA:0,(anonymous_0)
FNDA:0,(anonymous_1)
FNDA:0,(anonymous_2)
FNDA:1,(anonymous_3)
FNDA:0,(anonymous_4)
FNDA:0,(anonymous_5)
FNDA:1,(anonymous_6)
FNDA:1,(anonymous_7)
FNDA:0,(anonymous_8)
FNDA:0,(anonymous_9)
FNDA:0,(anonymous_10)
FNDA:1,(anonymous_11)
FNDA:0,(anonymous_12)
FNDA:0,(anonymous_13)
FNDA:0,(anonymous_14)
FNDA:1,(anonymous_15)
FNDA:1,(anonymous_16)
FNDA:1,(anonymous_17)
FNDA:1,(anonymous_18)
FNDA:0,(anonymous_19)
FNDA:1,(anonymous_20)
FNDA:0,(anonymous_21)
FNDA:0,(anonymous_22)
FNDA:0,(anonymous_23)
FNDA:0,(anonymous_24)
FNDA:0,(anonymous_25)
FNDA:0,(anonymous_26)
FNDA:0,(anonymous_27)
FNDA:0,(anonymous_28)
FNDA:1,(anonymous_29)
FNDA:0,(anonymous_30)
FNDA:0,(anonymous_31)
FNDA:0,(anonymous_32)
FNDA:0,(anonymous_33)
FNDA:0,(anonymous_34)
FNDA:0,(anonymous_35)
FNDA:0,(anonymous_36)
FNDA:0,(anonymous_37)
FNDA:0,(anonymous_38)
FNDA:0,(anonymous_39)
FNDA:1,(anonymous_40)
DA:1,1
DA:2,1
DA:3,1
DA:4,1
DA:5,1
DA:6,1
DA:9,1
DA:10,1
DA:11,1
DA:12,0
DA:14,1
DA:19,1
DA:22,1
DA:43,1
DA:44,1
DA:45,1
DA:46,1
DA:47,1
DA:50,1
DA:52,1
DA:53,1
DA:55,1
DA:62,1
DA:67,1
DA:72,0
DA:74,0
DA:76,0
DA:80,1
DA:82,1
DA:84,1
DA:86,1
DA:89,1
DA:91,0
DA:97,1
DA:99,1
DA:101,1
DA:105,1
DA:107,0
DA:108,0
DA:109,0
DA:110,0
DA:111,0
DA:112,0
DA:113,0
DA:114,0
DA:115,0
DA:116,0
DA:118,0
DA:128,0
DA:129,0
DA:130,0
DA:131,0
DA:132,0
DA:133,0
DA:134,0
DA:152,0
DA:153,0
DA:154,0
DA:156,0
DA:159,1
DA:160,1
DA:174,1
DA:175,1
DA:178,1
DA:179,1
DA:184,0
DA:185,0
DA:186,0
DA:188,0
DA:189,0
DA:191,0
DA:196,0
DA:197,0
DA:198,0
DA:199,0
DA:200,0
DA:201,0
DA:203,0
DA:206,0
DA:207,0
DA:208,0
DA:209,0
DA:210,0
DA:211,0
DA:212,0
DA:214,0
DA:215,0
DA:217,0
DA:218,0
DA:225,0
DA:232,1
DA:233,1
DA:246,0
DA:247,0
DA:248,0
DA:249,0
DA:250,0
DA:252,0
DA:254,0
DA:256,0
DA:257,0
DA:258,0
DA:259,0
DA:260,0
DA:261,0
DA:262,0
DA:263,0
DA:264,0
DA:265,0
DA:270,0
DA:271,0
DA:272,0
DA:279,0
DA:280,0
DA:281,0
DA:282,0
DA:288,0
DA:294,0
DA:299,1
DA:300,1
DA:313,1
DA:314,1
DA:324,1
DA:325,1
DA:335,1
DA:336,1
DA:337,0
DA:341,1
DA:342,1
DA:349,1
DA:351,0
DA:352,0
DA:353,0
DA:362,0
DA:366,0
DA:367,0
DA:368,0
DA:369,0
DA:370,0
DA:371,0
DA:373,0
DA:374,0
DA:381,0
DA:382,0
DA:383,0
DA:384,0
DA:386,0
DA:390,1
DA:391,0
DA:396,0
DA:397,0
DA:400,0
DA:401,0
DA:406,1
DA:407,0
DA:408,0
DA:409,0
DA:410,0
DA:411,0
DA:412,0
DA:413,0
DA:415,0
DA:416,0
DA:417,0
DA:418,0
DA:419,0
DA:422,0
DA:423,0
DA:424,0
DA:427,0
DA:429,0
DA:432,0
DA:433,0
DA:434,0
DA:435,0
DA:436,0
DA:437,0
DA:438,0
DA:439,0
DA:440,0
DA:441,0
DA:442,0
DA:443,0
DA:444,0
DA:445,0
DA:446,0
DA:448,0
DA:449,0
DA:450,0
DA:451,0
DA:452,0
DA:458,0
DA:459,0
DA:464,0
DA:469,0
DA:470,0
DA:472,0
DA:487,1
DA:491,0
DA:504,0
DA:505,0
DA:506,0
DA:516,0
DA:518,0
DA:519,0
DA:521,0
DA:524,0
DA:526,0
DA:532,1
DA:533,1
DA:539,1
DA:541,0
DA:550,0
DA:551,0
DA:552,0
DA:559,0
DA:561,0
DA:562,0
DA:563,0
DA:566,0
DA:567,0
DA:572,1
DA:573,0
DA:574,0
DA:579,0
DA:581,0
DA:589,1
DA:590,0
DA:591,0
DA:592,0
DA:593,0
DA:594,0
DA:595,0
DA:597,0
DA:606,0
DA:611,0
DA:613,0
DA:614,0
DA:621,1
DA:622,0
DA:623,0
DA:624,0
DA:625,0
DA:626,0
DA:627,0
DA:628,0
DA:629,0
DA:630,0
DA:632,0
DA:644,0
DA:649,0
DA:651,0
DA:657,1
DA:658,0
DA:659,0
DA:660,0
DA:661,0
DA:663,0
DA:669,0
DA:670,0
DA:671,0
DA:673,0
DA:677,1
DA:678,1
DA:686,1
LF:265
LH:64
BRDA:63,0,0,1
BRDA:63,0,1,1
BRDA:64,1,0,1
BRDA:64,1,1,1
BRDA:68,2,0,1
BRDA:68,2,1,1
BRDA:69,3,0,1
BRDA:69,3,1,1
BRDA:72,4,0,0
BRDA:72,4,1,0
BRDA:72,5,0,0
BRDA:72,5,1,0
BRDA:128,6,0,0
BRDA:128,6,1,0
BRDA:153,7,0,0
BRDA:153,7,1,0
BRDA:263,8,0,0
BRDA:263,8,1,0
BRDA:281,9,0,0
BRDA:281,9,1,0
BRDA:382,10,0,0
BRDA:382,10,1,0
BRDA:411,11,0,0
BRDA:411,11,1,0
BRDA:417,12,0,0
BRDA:417,12,1,0
BRDA:417,13,0,0
BRDA:417,13,1,0
BRDA:422,14,0,0
BRDA:422,14,1,0
BRDA:422,15,0,0
BRDA:422,15,1,0
BRDA:433,16,0,0
BRDA:433,16,1,0
BRDA:435,17,0,0
BRDA:435,17,1,0
BRDA:448,18,0,0
BRDA:448,18,1,0
BRDA:518,19,0,0
BRDA:518,19,1,0
BRDA:561,20,0,0
BRDA:561,20,1,0
BRDA:579,21,0,0
BRDA:579,21,1,0
BRDA:611,22,0,0
BRDA:611,22,1,0
BRDA:649,23,0,0
BRDA:649,23,1,0
BRDA:670,24,0,0
BRDA:670,24,1,0
BRF:50
BRH:8
end_of_record
TN:
SF:ev-waze\app.js
FN:11,(anonymous_0)
FN:68,(anonymous_1)
FN:86,(anonymous_2)
FN:96,(anonymous_3)
FN:102,(anonymous_4)
FN:151,(anonymous_5)
FN:173,(anonymous_6)
FN:177,(anonymous_7)
FN:178,(anonymous_8)
FN:193,(anonymous_9)
FN:228,(anonymous_10)
FN:239,(anonymous_11)
FN:240,(anonymous_12)
FN:261,(anonymous_13)
FN:302,(anonymous_14)
FN:308,(anonymous_15)
FN:322,(anonymous_16)
FN:333,(anonymous_17)
FN:344,(anonymous_18)
FN:345,(anonymous_19)
FN:350,(anonymous_20)
FN:358,(anonymous_21)
FN:390,(anonymous_22)
FN:399,(anonymous_23)
FN:415,(anonymous_24)
FN:419,(anonymous_25)
FN:441,(anonymous_26)
FN:496,(anonymous_27)
FN:525,(anonymous_28)
FN:541,(anonymous_29)
FN:548,(anonymous_30)
FN:568,(anonymous_31)
FN:581,(anonymous_32)
FN:587,(anonymous_33)
FN:598,(anonymous_34)
FN:621,(anonymous_35)
FN:631,(anonymous_36)
FN:658,(anonymous_37)
FN:667,(anonymous_38)
FN:679,(anonymous_39)
FN:687,(anonymous_40)
FNF:41
FNH:0
FNDA:0,(anonymous_0)
FNDA:0,(anonymous_1)
FNDA:0,(anonymous_2)
FNDA:0,(anonymous_3)
FNDA:0,(anonymous_4)
FNDA:0,(anonymous_5)
FNDA:0,(anonymous_6)
FNDA:0,(anonymous_7)
FNDA:0,(anonymous_8)
FNDA:0,(anonymous_9)
FNDA:0,(anonymous_10)
FNDA:0,(anonymous_11)
FNDA:0,(anonymous_12)
FNDA:0,(anonymous_13)
FNDA:0,(anonymous_14)
FNDA:0,(anonymous_15)
FNDA:0,(anonymous_16)
FNDA:0,(anonymous_17)
FNDA:0,(anonymous_18)
FNDA:0,(anonymous_19)
FNDA:0,(anonymous_20)
FNDA:0,(anonymous_21)
FNDA:0,(anonymous_22)
FNDA:0,(anonymous_23)
FNDA:0,(anonymous_24)
FNDA:0,(anonymous_25)
FNDA:0,(anonymous_26)
FNDA:0,(anonymous_27)
FNDA:0,(anonymous_28)
FNDA:0,(anonymous_29)
FNDA:0,(anonymous_30)
FNDA:0,(anonymous_31)
FNDA:0,(anonymous_32)
FNDA:0,(anonymous_33)
FNDA:0,(anonymous_34)
FNDA:0,(anonymous_35)
FNDA:0,(anonymous_36)
FNDA:0,(anonymous_37)
FNDA:0,(anonymous_38)
FNDA:0,(anonymous_39)
FNDA:0,(anonymous_40)
DA:1,1
DA:2,1
DA:3,1
DA:4,1
DA:5,1
DA:6,1
DA:9,1
DA:10,1
DA:11,1
DA:12,0
DA:14,1
DA:16,1
DA:19,1
DA:40,1
DA:41,1
DA:42,1
DA:43,1
DA:44,1
DA:47,1
DA:49,1
DA:50,1
DA:52,1
DA:59,1
DA:64,1
DA:69,0
DA:71,0
DA:73,0
DA:77,1
DA:79,1
DA:81,1
DA:83,1
DA:86,1
DA:88,0
DA:94,1
DA:96,1
DA:98,0
DA:102,1
DA:104,0
DA:105,0
DA:106,0
DA:107,0
DA:108,0
DA:109,0
DA:110,0
DA:111,0
DA:112,0
DA:113,0
DA:115,0
DA:125,0
DA:126,0
DA:127,0
DA:128,0
DA:129,0
DA:130,0
DA:131,0
DA:151,0
DA:152,0
DA:153,0
DA:155,0
DA:158,1
DA:159,1
DA:173,1
DA:174,0
DA:177,1
DA:178,0
DA:183,0
DA:184,0
DA:185,0
DA:187,0
DA:188,0
DA:190,0
DA:193,0
DA:194,0
DA:195,0
DA:196,0
DA:197,0
DA:198,0
DA:200,0
DA:202,0
DA:203,0
DA:204,0
DA:205,0
DA:206,0
DA:207,0
DA:208,0
DA:210,0
DA:211,0
DA:213,0
DA:214,0
DA:229,0
DA:239,1
DA:240,0
DA:253,0
DA:254,0
DA:255,0
DA:256,0
DA:257,0
DA:259,0
DA:261,0
DA:263,0
DA:264,0
DA:265,0
DA:266,0
DA:267,0
DA:268,0
DA:269,0
DA:270,0
DA:271,0
DA:272,0
DA:278,0
DA:279,0
DA:280,0
DA:288,0
DA:289,0
DA:290,0
DA:291,0
DA:297,0
DA:303,0
DA:308,1
DA:309,0
DA:322,1
DA:323,0
DA:333,1
DA:334,0
DA:344,1
DA:345,0
DA:346,0
DA:350,1
DA:351,0
DA:358,1
DA:360,0
DA:361,0
DA:362,0
DA:371,0
DA:375,0
DA:376,0
DA:377,0
DA:378,0
DA:379,0
DA:380,0
DA:382,0
DA:383,0
DA:390,0
DA:391,0
DA:392,0
DA:393,0
DA:395,0
DA:399,1
DA:400,0
DA:405,0
DA:406,0
DA:409,0
DA:410,0
DA:415,1
DA:416,0
DA:417,0
DA:418,0
DA:419,0
DA:420,0
DA:421,0
DA:422,0
DA:424,0
DA:425,0
DA:426,0
DA:427,0
DA:428,0
DA:431,0
DA:432,0
DA:433,0
DA:436,0
DA:438,0
DA:441,0
DA:442,0
DA:443,0
DA:444,0
DA:445,0
DA:446,0
DA:447,0
DA:448,0
DA:449,0
DA:450,0
DA:451,0
DA:452,0
DA:453,0
DA:454,0
DA:455,0
DA:457,0
DA:458,0
DA:459,0
DA:460,0
DA:461,0
DA:467,0
DA:468,0
DA:473,0
DA:478,0
DA:479,0
DA:481,0
DA:496,1
DA:500,0
DA:513,0
DA:514,0
DA:515,0
DA:525,0
DA:527,0
DA:528,0
DA:530,0
DA:533,0
DA:535,0
DA:541,1
DA:542,0
DA:548,1
DA:550,0
DA:559,0
DA:560,0
DA:561,0
DA:568,0
DA:570,0
DA:571,0
DA:572,0
DA:575,0
DA:576,0
DA:581,1
DA:582,0
DA:583,0
DA:588,0
DA:590,0
DA:598,1
DA:599,0
DA:600,0
DA:601,0
DA:602,0
DA:603,0
DA:604,0
DA:605,0
DA:606,0
DA:608,0
DA:617,0
DA:622,0
DA:624,0
DA:631,1
DA:632,0
DA:633,0
DA:634,0
DA:635,0
DA:636,0
DA:637,0
DA:638,0
DA:639,0
DA:640,0
DA:642,0
DA:654,0
DA:659,0
DA:661,0
DA:667,1
DA:668,0
DA:669,0
DA:670,0
DA:671,0
DA:673,0
DA:679,0
DA:680,0
DA:681,0
DA:683,0
DA:687,1
DA:688,0
DA:696,1
LF:266
LH:53
BRDA:60,0,0,1
BRDA:60,0,1,1
BRDA:61,1,0,1
BRDA:61,1,1,1
BRDA:65,2,0,1
BRDA:65,2,1,1
BRDA:66,3,0,1
BRDA:66,3,1,1
BRDA:69,4,0,0
BRDA:69,4,1,0
BRDA:69,5,0,0
BRDA:69,5,1,0
BRDA:125,6,0,0
BRDA:125,6,1,0
BRDA:152,7,0,0
BRDA:152,7,1,0
BRDA:270,8,0,0
BRDA:270,8,1,0
BRDA:290,9,0,0
BRDA:290,9,1,0
BRDA:391,10,0,0
BRDA:391,10,1,0
BRDA:420,11,0,0
BRDA:420,11,1,0
BRDA:426,12,0,0
BRDA:426,12,1,0
BRDA:426,13,0,0
BRDA:426,13,1,0
BRDA:431,14,0,0
BRDA:431,14,1,0
BRDA:431,15,0,0
BRDA:431,15,1,0
BRDA:442,16,0,0
BRDA:442,16,1,0
BRDA:444,17,0,0
BRDA:444,17,1,0
BRDA:457,18,0,0
BRDA:457,18,1,0
BRDA:527,19,0,0
BRDA:527,19,1,0
BRDA:570,20,0,0
BRDA:570,20,1,0
BRDA:588,21,0,0
BRDA:588,21,1,0
BRDA:622,22,0,0
BRDA:622,22,1,0
BRDA:659,23,0,0
BRDA:659,23,1,0
BRDA:680,24,0,0
BRDA:680,24,1,0
BRF:50
BRH:8
end_of_record
TN:
SF:ev-wize\app.js
FN:11,(anonymous_0)
FN:68,(anonymous_1)
FN:86,(anonymous_2)
FN:96,(anonymous_3)
FN:102,(anonymous_4)
FN:151,(anonymous_5)
FN:173,(anonymous_6)
FN:177,(anonymous_7)
FN:178,(anonymous_8)
FN:193,(anonymous_9)
FN:228,(anonymous_10)
FN:239,(anonymous_11)
FN:240,(anonymous_12)
FN:261,(anonymous_13)
FN:302,(anonymous_14)
FN:308,(anonymous_15)
FN:322,(anonymous_16)
FN:333,(anonymous_17)
FN:344,(anonymous_18)
FN:345,(anonymous_19)
FN:350,(anonymous_20)
FN:358,(anonymous_21)
FN:390,(anonymous_22)
FN:399,(anonymous_23)
FN:415,(anonymous_24)
FN:419,(anonymous_25)
FN:441,(anonymous_26)
FN:496,(anonymous_27)
FN:525,(anonymous_28)
FN:541,(anonymous_29)
FN:548,(anonymous_30)
FN:568,(anonymous_31)
FN:581,(anonymous_32)
FN:587,(anonymous_33)
FN:598,(anonymous_34)
FN:621,(anonymous_35)
FN:631,(anonymous_36)
FN:658,(anonymous_37)
FN:667,(anonymous_38)
FN:679,(anonymous_39)
FN:687,(anonymous_40)
FNF:41
FNH:0
FNDA:0,(anonymous_0)
FNDA:0,(anonymous_1)
FNDA:0,(anonymous_2)
FNDA:0,(anonymous_3)
FNDA:0,(anonymous_4)
FNDA:0,(anonymous_5)
FNDA:0,(anonymous_6)
FNDA:0,(anonymous_7)
FNDA:0,(anonymous_8)
FNDA:0,(anonymous_9)
FNDA:0,(anonymous_10)
FNDA:0,(anonymous_11)
FNDA:0,(anonymous_12)
FNDA:0,(anonymous_13)
FNDA:0,(anonymous_14)
FNDA:0,(anonymous_15)
FNDA:0,(anonymous_16)
FNDA:0,(anonymous_17)
FNDA:0,(anonymous_18)
FNDA:0,(anonymous_19)
FNDA:0,(anonymous_20)
FNDA:0,(anonymous_21)
FNDA:0,(anonymous_22)
FNDA:0,(anonymous_23)
FNDA:0,(anonymous_24)
FNDA:0,(anonymous_25)
FNDA:0,(anonymous_26)
FNDA:0,(anonymous_27)
FNDA:0,(anonymous_28)
FNDA:0,(anonymous_29)
FNDA:0,(anonymous_30)
FNDA:0,(anonymous_31)
FNDA:0,(anonymous_32)
FNDA:0,(anonymous_33)
FNDA:0,(anonymous_34)
FNDA:0,(anonymous_35)
FNDA:0,(anonymous_36)
FNDA:0,(anonymous_37)
FNDA:0,(anonymous_38)
FNDA:0,(anonymous_39)
FNDA:0,(anonymous_40)
DA:1,1
DA:2,1
DA:3,1
DA:4,1
DA:5,1
DA:6,1
DA:9,1
DA:10,1
DA:11,1
DA:12,0
DA:14,1
DA:16,1
DA:19,1
DA:40,1
DA:41,1
DA:42,1
DA:43,1
DA:44,1
DA:47,1
DA:49,1
DA:50,1
DA:52,1
DA:59,1
DA:64,1
DA:69,0
DA:71,0
DA:73,0
DA:77,1
DA:79,1
DA:81,1
DA:83,1
DA:86,1
DA:88,0
DA:94,1
DA:96,1
DA:98,0
DA:102,1
DA:104,0
DA:105,0
DA:106,0
DA:107,0
DA:108,0
DA:109,0
DA:110,0
DA:111,0
DA:112,0
DA:113,0
DA:115,0
DA:125,0
DA:126,0
DA:127,0
DA:128,0
DA:129,0
DA:130,0
DA:131,0
DA:151,0
DA:152,0
DA:153,0
DA:155,0
DA:158,1
DA:159,1
DA:173,1
DA:174,0
DA:177,1
DA:178,0
DA:183,0
DA:184,0
DA:185,0
DA:187,0
DA:188,0
DA:190,0
DA:193,0
DA:194,0
DA:195,0
DA:196,0
DA:197,0
DA:198,0
DA:200,0
DA:202,0
DA:203,0
DA:204,0
DA:205,0
DA:206,0
DA:207,0
DA:208,0
DA:210,0
DA:211,0
DA:213,0
DA:214,0
DA:229,0
DA:239,1
DA:240,0
DA:253,0
DA:254,0
DA:255,0
DA:256,0
DA:257,0
DA:259,0
DA:261,0
DA:263,0
DA:264,0
DA:265,0
DA:266,0
DA:267,0
DA:268,0
DA:269,0
DA:270,0
DA:271,0
DA:272,0
DA:278,0
DA:279,0
DA:280,0
DA:288,0
DA:289,0
DA:290,0
DA:291,0
DA:297,0
DA:303,0
DA:308,1
DA:309,0
DA:322,1
DA:323,0
DA:333,1
DA:334,0
DA:344,1
DA:345,0
DA:346,0
DA:350,1
DA:351,0
DA:358,1
DA:360,0
DA:361,0
DA:362,0
DA:371,0
DA:375,0
DA:376,0
DA:377,0
DA:378,0
DA:379,0
DA:380,0
DA:382,0
DA:383,0
DA:390,0
DA:391,0
DA:392,0
DA:393,0
DA:395,0
DA:399,1
DA:400,0
DA:405,0
DA:406,0
DA:409,0
DA:410,0
DA:415,1
DA:416,0
DA:417,0
DA:418,0
DA:419,0
DA:420,0
DA:421,0
DA:422,0
DA:424,0
DA:425,0
DA:426,0
DA:427,0
DA:428,0
DA:431,0
DA:432,0
DA:433,0
DA:436,0
DA:438,0
DA:441,0
DA:442,0
DA:443,0
DA:444,0
DA:445,0
DA:446,0
DA:447,0
DA:448,0
DA:449,0
DA:450,0
DA:451,0
DA:452,0
DA:453,0
DA:454,0
DA:455,0
DA:457,0
DA:458,0
DA:459,0
DA:460,0
DA:461,0
DA:467,0
DA:468,0
DA:473,0
DA:478,0
DA:479,0
DA:481,0
DA:496,1
DA:500,0
DA:513,0
DA:514,0
DA:515,0
DA:525,0
DA:527,0
DA:528,0
DA:530,0
DA:533,0
DA:535,0
DA:541,1
DA:542,0
DA:548,1
DA:550,0
DA:559,0
DA:560,0
DA:561,0
DA:568,0
DA:570,0
DA:571,0
DA:572,0
DA:575,0
DA:576,0
DA:581,1
DA:582,0
DA:583,0
DA:588,0
DA:590,0
DA:598,1
DA:599,0
DA:600,0
DA:601,0
DA:602,0
DA:603,0
DA:604,0
DA:605,0
DA:606,0
DA:608,0
DA:617,0
DA:622,0
DA:624,0
DA:631,1
DA:632,0
DA:633,0
DA:634,0
DA:635,0
DA:636,0
DA:637,0
DA:638,0
DA:639,0
DA:640,0
DA:642,0
DA:654,0
DA:659,0
DA:661,0
DA:667,1
DA:668,0
DA:669,0
DA:670,0
DA:671,0
DA:673,0
DA:679,0
DA:680,0
DA:681,0
DA:683,0
DA:687,1
DA:688,0
DA:696,1
LF:266
LH:53
BRDA:60,0,0,1
BRDA:60,0,1,1
BRDA:61,1,0,1
BRDA:61,1,1,1
BRDA:65,2,0,1
BRDA:65,2,1,1
BRDA:66,3,0,1
BRDA:66,3,1,1
BRDA:69,4,0,0
BRDA:69,4,1,0
BRDA:69,5,0,0
BRDA:69,5,1,0
BRDA:125,6,0,0
BRDA:125,6,1,0
BRDA:152,7,0,0
BRDA:152,7,1,0
BRDA:270,8,0,0
BRDA:270,8,1,0
BRDA:290,9,0,0
BRDA:290,9,1,0
BRDA:391,10,0,0
BRDA:391,10,1,0
BRDA:420,11,0,0
BRDA:420,11,1,0
BRDA:426,12,0,0
BRDA:426,12,1,0
BRDA:426,13,0,0
BRDA:426,13,1,0
BRDA:431,14,0,0
BRDA:431,14,1,0
BRDA:431,15,0,0
BRDA:431,15,1,0
BRDA:442,16,0,0
BRDA:442,16,1,0
BRDA:444,17,0,0
BRDA:444,17,1,0
BRDA:457,18,0,0
BRDA:457,18,1,0
BRDA:527,19,0,0
BRDA:527,19,1,0
BRDA:570,20,0,0
BRDA:570,20,1,0
BRDA:588,21,0,0
BRDA:588,21,1,0
BRDA:622,22,0,0
BRDA:622,22,1,0
BRDA:659,23,0,0
BRDA:659,23,1,0
BRDA:680,24,0,0
BRDA:680,24,1,0
BRF:50
BRH:8
end_of_record
